2024-07-11T18:43:57.820Z GET /api/v1/admin/custom 401 69.745 ms
2024-07-11T18:43:57.830Z GET /api/v1/admin/custom 401 2.757 ms
2024-07-11T18:44:58.869Z OPTIONS /api/v1/user/login 204 1.156 ms
2024-07-11T18:45:00.066Z POST /api/v1/user/login 200 1194.049 ms
2024-07-11T18:45:00.211Z GET /api/v1/admin/custom 401 0.838 ms
2024-07-11T18:45:00.215Z GET /api/v1/admin/custom 401 0.746 ms
2024-07-11T18:45:25.641Z GET /api/v1/admin/custom 401 0.718 ms
2024-07-11T18:45:25.643Z GET /api/v1/admin/custom 401 0.576 ms
2024-07-11T18:45:27.870Z OPTIONS /api/v1/admin/allcourses 204 0.809 ms
2024-07-11T18:45:27.874Z OPTIONS /api/v1/admin/allcourses 204 0.300 ms
2024-07-11T18:45:28.887Z GET /api/v1/admin/allcourses 200 1007.539 ms
2024-07-11T18:45:28.903Z GET /api/v1/admin/allcourses 200 1011.289 ms
2024-07-11T18:45:39.354Z OPTIONS /api/v1/admin/getpurchases 204 0.281 ms
2024-07-11T18:45:39.364Z OPTIONS /api/v1/admin/getpurchases 204 0.633 ms
2024-07-11T18:45:39.877Z GET /api/v1/admin/getpurchases 200 520.547 ms
2024-07-11T18:45:39.895Z GET /api/v1/admin/getpurchases 200 528.749 ms
2024-07-11T18:45:51.173Z OPTIONS /api/v1/admin/allcourses 204 0.323 ms
2024-07-11T18:45:51.175Z OPTIONS /api/v1/admin/allcourses 204 0.372 ms
2024-07-11T18:45:52.073Z GET /api/v1/admin/allcourses 200 895.808 ms
2024-07-11T18:45:52.132Z GET /api/v1/admin/allcourses 200 946.299 ms
2024-07-11T18:45:59.000Z OPTIONS /api/v1/admin/universalSearch?query= 204 0.309 ms
2024-07-11T18:45:59.002Z OPTIONS /api/v1/admin/universalSearch?query= 204 0.327 ms
2024-07-11T18:45:59.459Z GET /api/v1/admin/universalSearch?query= 200 449.997 ms
2024-07-11T18:45:59.541Z GET /api/v1/admin/universalSearch?query= 200 538.170 ms
2024-07-11T18:46:01.984Z OPTIONS /api/v1/teacher/lsitofteachersrequest 204 0.443 ms
2024-07-11T18:46:01.985Z OPTIONS /api/v1/teacher/lsitofteachersrequest 204 0.320 ms
2024-07-11T18:46:02.087Z GET /api/v1/teacher/lsitofteachersrequest 200 98.631 ms
2024-07-11T18:46:02.094Z GET /api/v1/teacher/lsitofteachersrequest 200 101.880 ms
2024-07-11T18:46:06.492Z OPTIONS /api/v1/admin/teacheruniversalSearch?query= 204 0.486 ms
2024-07-11T18:46:06.495Z OPTIONS /api/v1/admin/teacheruniversalSearch?query= 204 0.639 ms
2024-07-11T18:46:06.871Z GET /api/v1/admin/teacheruniversalSearch?query= 200 363.289 ms
2024-07-11T18:46:06.918Z GET /api/v1/admin/teacheruniversalSearch?query= 200 418.842 ms
2024-07-11T18:46:10.307Z OPTIONS /api/v1/admin/query 204 0.417 ms
2024-07-11T18:46:10.309Z OPTIONS /api/v1/admin/query 204 1.105 ms
2024-07-11T18:46:10.567Z GET /api/v1/admin/query 201 245.952 ms
2024-07-11T18:46:10.575Z GET /api/v1/admin/query 201 262.636 ms
2024-07-11T18:46:13.413Z OPTIONS /api/v1/admin/getpurchases 204 0.278 ms
2024-07-11T18:46:13.415Z OPTIONS /api/v1/admin/getpurchases 204 0.299 ms
2024-07-11T18:46:13.805Z GET /api/v1/admin/getpurchases 200 382.866 ms
2024-07-11T18:46:13.821Z GET /api/v1/admin/getpurchases 200 404.871 ms
2024-07-11T18:46:14.602Z OPTIONS /api/v1/admin/allcourses 204 0.326 ms
2024-07-11T18:46:14.609Z OPTIONS /api/v1/admin/allcourses 204 0.206 ms
2024-07-11T18:46:15.343Z GET /api/v1/admin/allcourses 200 732.089 ms
2024-07-11T18:46:15.346Z GET /api/v1/admin/allcourses 200 743.063 ms
2024-07-11T19:03:02.083Z OPTIONS /api/v1/admin/universalSearch?query= 204 3.707 ms
2024-07-11T19:03:02.091Z OPTIONS /api/v1/admin/universalSearch?query= 204 0.244 ms
2024-07-11T19:03:02.435Z GET /api/v1/admin/universalSearch?query= 200 304.742 ms
2024-07-11T19:03:02.523Z GET /api/v1/admin/universalSearch?query= 200 428.800 ms
2024-07-11T19:03:15.363Z OPTIONS /api/v1/admin/query 204 0.276 ms
2024-07-11T19:03:15.366Z OPTIONS /api/v1/admin/query 204 0.243 ms
2024-07-11T19:03:15.579Z GET /api/v1/admin/query 201 207.339 ms
2024-07-11T19:03:15.585Z GET /api/v1/admin/query 201 217.814 ms
2024-07-11T19:03:17.304Z OPTIONS /api/v1/admin/teacheruniversalSearch?query= 204 0.273 ms
2024-07-11T19:03:17.305Z OPTIONS /api/v1/admin/teacheruniversalSearch?query= 204 0.245 ms
2024-07-11T19:03:17.563Z GET /api/v1/admin/teacheruniversalSearch?query= 200 246.510 ms
2024-07-11T19:03:17.582Z GET /api/v1/admin/teacheruniversalSearch?query= 200 274.008 ms
2024-07-11T19:03:21.760Z OPTIONS /api/v1/admin/getpurchases 204 0.414 ms
2024-07-11T19:03:21.761Z OPTIONS /api/v1/admin/getpurchases 204 0.220 ms
2024-07-11T19:03:22.044Z GET /api/v1/admin/getpurchases 200 277.039 ms
2024-07-11T19:03:22.061Z GET /api/v1/admin/getpurchases 200 297.563 ms
2024-07-11T19:03:34.474Z GET /api/v1/admin/custom 401 2.355 ms
2024-07-11T19:03:34.493Z GET /api/v1/admin/custom 401 2.017 ms
2024-07-11T19:33:56.449Z GET /api/v1/admin/custom 401 1.166 ms
2024-07-11T19:33:56.451Z GET /api/v1/admin/custom 401 0.645 ms
2024-07-11T19:58:15.905Z OPTIONS /api/v1/admin/allcategories 204 7.578 ms
2024-07-11T19:58:15.998Z OPTIONS /api/v1/admin/allcategories 204 3.396 ms
2024-07-11T19:58:16.000Z OPTIONS /api/v1/admin/allcategories 204 0.355 ms
2024-07-11T19:58:16.330Z GET /api/v1/admin/allcategories 200 294.887 ms
2024-07-11T19:58:16.334Z GET /api/v1/admin/allcategories 200 312.830 ms
2024-07-11T19:58:16.383Z OPTIONS /api/v1/admin/allcategories 204 0.492 ms
2024-07-11T19:58:16.397Z OPTIONS /api/v1/admin/allcategories 204 0.227 ms
2024-07-11T19:58:16.520Z GET /api/v1/admin/allcategories 200 588.309 ms
2024-07-11T19:58:16.547Z OPTIONS /api/v1/admin/allcategories 204 0.421 ms
2024-07-11T19:58:16.603Z GET /api/v1/admin/allcategories 200 202.785 ms
2024-07-11T19:58:16.611Z GET /api/v1/admin/allcategories 200 224.370 ms
2024-07-11T19:58:16.629Z OPTIONS /api/v1/admin/allcategories 204 0.362 ms
2024-07-11T19:58:16.649Z OPTIONS /api/v1/admin/allcategories 204 0.274 ms
2024-07-11T19:58:16.727Z GET /api/v1/admin/allcategories 200 176.437 ms
2024-07-11T19:58:16.736Z OPTIONS /api/v1/admin/allcategories 204 0.263 ms
2024-07-11T19:58:16.847Z GET /api/v1/admin/allcategories 200 195.456 ms
2024-07-11T19:58:16.851Z GET /api/v1/admin/allcategories 200 219.822 ms
2024-07-11T19:58:16.861Z OPTIONS /api/v1/admin/allcategories 204 0.277 ms
2024-07-11T19:58:16.873Z OPTIONS /api/v1/admin/allcategories 204 0.328 ms
2024-07-11T19:58:16.933Z GET /api/v1/admin/allcategories 200 193.977 ms
2024-07-11T19:58:16.953Z OPTIONS /api/v1/admin/allcategories 204 0.511 ms
2024-07-11T19:58:17.094Z GET /api/v1/admin/allcategories 200 212.102 ms
2024-07-11T19:58:17.097Z GET /api/v1/admin/allcategories 200 222.366 ms
2024-07-11T19:58:17.103Z OPTIONS /api/v1/admin/allcategories 204 0.417 ms
2024-07-11T19:58:17.114Z OPTIONS /api/v1/admin/allcategories 204 0.341 ms
2024-07-11T19:58:17.135Z GET /api/v1/admin/allcategories 200 179.190 ms
2024-07-11T19:58:17.143Z OPTIONS /api/v1/admin/allcategories 204 0.286 ms
2024-07-11T19:58:17.292Z GET /api/v1/admin/allcategories 200 175.304 ms
2024-07-11T19:58:17.294Z GET /api/v1/admin/allcategories 200 187.952 ms
2024-07-11T19:58:17.309Z OPTIONS /api/v1/admin/allcategories 204 0.321 ms
2024-07-11T19:58:17.324Z GET /api/v1/admin/allcategories 200 178.762 ms
2024-07-11T19:58:17.335Z OPTIONS /api/v1/admin/allcategories 204 0.238 ms
2024-07-11T19:58:17.488Z GET /api/v1/admin/allcategories 200 177.867 ms
2024-07-11T19:58:17.500Z OPTIONS /api/v1/admin/allcategories 204 0.238 ms
2024-07-11T19:58:17.518Z GET /api/v1/admin/allcategories 200 181.358 ms
2024-07-11T19:58:17.529Z OPTIONS /api/v1/admin/allcategories 204 0.248 ms
2024-07-11T19:58:17.663Z GET /api/v1/admin/allcategories 200 160.831 ms
2024-07-11T19:58:17.674Z OPTIONS /api/v1/admin/allcategories 204 0.273 ms
2024-07-11T19:58:17.730Z GET /api/v1/admin/allcategories 200 198.421 ms
2024-07-11T19:58:17.744Z OPTIONS /api/v1/admin/allcategories 204 1.732 ms
2024-07-11T19:58:17.850Z GET /api/v1/admin/allcategories 200 172.885 ms
2024-07-11T19:58:17.867Z OPTIONS /api/v1/admin/allcategories 204 0.615 ms
2024-07-11T19:58:17.924Z GET /api/v1/admin/allcategories 200 176.900 ms
2024-07-11T19:58:17.943Z OPTIONS /api/v1/admin/allcategories 204 0.916 ms
2024-07-11T19:58:18.060Z GET /api/v1/admin/allcategories 200 189.267 ms
2024-07-11T19:58:18.078Z OPTIONS /api/v1/admin/allcategories 204 0.572 ms
2024-07-11T19:58:18.113Z GET /api/v1/admin/allcategories 200 167.963 ms
2024-07-11T19:58:18.125Z OPTIONS /api/v1/admin/allcategories 204 1.256 ms
2024-07-11T19:58:18.305Z GET /api/v1/admin/allcategories 200 223.702 ms
2024-07-11T19:58:18.323Z GET /api/v1/admin/allcategories 200 191.172 ms
2024-07-11T19:58:18.326Z OPTIONS /api/v1/admin/allcategories 204 0.478 ms
2024-07-11T19:58:18.349Z OPTIONS /api/v1/admin/allcategories 204 0.443 ms
2024-07-11T19:58:18.532Z GET /api/v1/admin/allcategories 200 200.839 ms
2024-07-11T19:58:18.548Z OPTIONS /api/v1/admin/allcategories 204 0.332 ms
2024-07-11T19:58:18.563Z GET /api/v1/admin/allcategories 200 210.673 ms
2024-07-11T19:58:18.577Z OPTIONS /api/v1/admin/allcategories 204 0.354 ms
2024-07-11T19:58:18.718Z GET /api/v1/admin/allcategories 200 166.660 ms
2024-07-11T19:58:18.735Z OPTIONS /api/v1/admin/allcategories 204 0.594 ms
2024-07-11T19:58:18.769Z GET /api/v1/admin/allcategories 200 188.071 ms
2024-07-11T19:58:18.788Z OPTIONS /api/v1/admin/allcategories 204 0.568 ms
2024-07-11T19:58:18.925Z GET /api/v1/admin/allcategories 200 185.083 ms
2024-07-11T19:58:18.943Z OPTIONS /api/v1/admin/allcategories 204 0.951 ms
2024-07-11T19:58:18.964Z GET /api/v1/admin/allcategories 200 172.867 ms
2024-07-11T19:58:18.975Z OPTIONS /api/v1/admin/allcategories 204 0.175 ms
2024-07-11T19:58:19.123Z GET /api/v1/admin/allcategories 200 175.583 ms
2024-07-11T19:58:19.137Z OPTIONS /api/v1/admin/allcategories 204 0.440 ms
2024-07-11T19:58:19.154Z GET /api/v1/admin/allcategories 200 176.712 ms
2024-07-11T19:58:19.165Z OPTIONS /api/v1/admin/allcategories 204 0.319 ms
2024-07-11T19:58:19.318Z GET /api/v1/admin/allcategories 200 178.165 ms
2024-07-11T19:58:19.338Z OPTIONS /api/v1/admin/allcategories 204 0.318 ms
2024-07-11T19:58:19.368Z GET /api/v1/admin/allcategories 200 200.459 ms
2024-07-11T19:58:19.402Z OPTIONS /api/v1/admin/allcategories 204 0.357 ms
2024-07-11T19:58:19.518Z GET /api/v1/admin/allcategories 200 175.929 ms
2024-07-11T19:58:19.531Z OPTIONS /api/v1/admin/allcategories 204 0.538 ms
2024-07-11T19:58:19.564Z GET /api/v1/admin/allcategories 200 159.462 ms
2024-07-11T19:58:19.575Z OPTIONS /api/v1/admin/allcategories 204 0.287 ms
2024-07-11T19:58:19.719Z GET /api/v1/admin/allcategories 200 184.842 ms
2024-07-11T19:58:19.736Z OPTIONS /api/v1/admin/allcategories 204 0.405 ms
2024-07-11T19:58:19.770Z GET /api/v1/admin/allcategories 200 193.246 ms
2024-07-11T19:58:19.784Z OPTIONS /api/v1/admin/allcategories 204 0.366 ms
2024-07-11T19:58:19.928Z GET /api/v1/admin/allcategories 200 188.650 ms
2024-07-11T19:58:19.942Z OPTIONS /api/v1/admin/allcategories 204 0.421 ms
2024-07-11T19:58:19.967Z GET /api/v1/admin/allcategories 200 179.663 ms
2024-07-11T19:58:19.983Z OPTIONS /api/v1/admin/allcategories 204 0.213 ms
2024-07-11T19:58:20.118Z GET /api/v1/admin/allcategories 200 172.661 ms
2024-07-11T19:58:20.134Z OPTIONS /api/v1/admin/allcategories 204 0.491 ms
2024-07-11T19:58:20.171Z GET /api/v1/admin/allcategories 200 185.359 ms
2024-07-11T19:58:20.187Z OPTIONS /api/v1/admin/allcategories 204 0.214 ms
2024-07-11T19:58:20.322Z GET /api/v1/admin/allcategories 200 184.595 ms
2024-07-11T19:58:20.333Z OPTIONS /api/v1/admin/allcategories 204 0.196 ms
2024-07-11T19:58:20.370Z GET /api/v1/admin/allcategories 200 180.720 ms
2024-07-11T19:58:20.382Z OPTIONS /api/v1/admin/allcategories 204 0.471 ms
2024-07-11T19:58:20.526Z GET /api/v1/admin/allcategories 200 191.125 ms
2024-07-11T19:58:20.536Z OPTIONS /api/v1/admin/allcategories 204 0.167 ms
2024-07-11T19:58:20.574Z GET /api/v1/admin/allcategories 200 189.199 ms
2024-07-11T19:58:20.584Z OPTIONS /api/v1/admin/allcategories 204 0.193 ms
2024-07-11T19:58:20.727Z GET /api/v1/admin/allcategories 200 189.149 ms
2024-07-11T19:58:20.743Z OPTIONS /api/v1/admin/allcategories 204 0.445 ms
2024-07-11T19:58:20.774Z GET /api/v1/admin/allcategories 200 188.473 ms
2024-07-11T19:58:20.784Z OPTIONS /api/v1/admin/allcategories 204 0.222 ms
2024-07-11T19:58:20.940Z GET /api/v1/admin/allcategories 200 194.692 ms
2024-07-11T19:58:20.955Z GET /api/v1/admin/allcategories 200 168.708 ms
2024-07-11T19:58:20.959Z OPTIONS /api/v1/admin/allcategories 204 0.278 ms
2024-07-11T19:58:21.123Z GET /api/v1/admin/allcategories 200 162.581 ms
2024-07-11T19:58:21.283Z GET /api/v1/admin/allcategories 304 156.879 ms
2024-07-11T19:58:21.446Z GET /api/v1/admin/allcategories 304 161.084 ms
2024-07-11T19:58:21.610Z GET /api/v1/admin/allcategories 304 160.069 ms
2024-07-11T19:58:21.806Z GET /api/v1/admin/allcategories 304 194.608 ms
2024-07-11T19:58:22.010Z GET /api/v1/admin/allcategories 304 202.073 ms
2024-07-11T19:58:22.205Z GET /api/v1/admin/allcategories 304 190.805 ms
2024-07-11T19:58:22.409Z GET /api/v1/admin/allcategories 304 199.606 ms
2024-07-11T19:58:22.606Z GET /api/v1/admin/allcategories 304 194.531 ms
2024-07-11T19:58:22.790Z GET /api/v1/admin/allcategories 304 179.835 ms
2024-07-11T19:58:22.986Z GET /api/v1/admin/allcategories 304 189.753 ms
2024-07-11T19:58:23.165Z GET /api/v1/admin/allcategories 304 177.225 ms
2024-07-11T19:58:23.366Z GET /api/v1/admin/allcategories 304 197.892 ms
2024-07-11T19:58:23.566Z GET /api/v1/admin/allcategories 304 196.944 ms
2024-07-11T19:58:23.766Z GET /api/v1/admin/allcategories 304 195.376 ms
2024-07-11T19:58:23.966Z GET /api/v1/admin/allcategories 304 196.874 ms
2024-07-11T19:58:24.167Z GET /api/v1/admin/allcategories 304 197.477 ms
2024-07-11T19:58:24.392Z GET /api/v1/admin/allcategories 304 220.549 ms
2024-07-11T19:58:24.578Z GET /api/v1/admin/allcategories 304 182.082 ms
2024-07-11T19:58:24.805Z GET /api/v1/admin/allcategories 304 224.757 ms
2024-07-11T19:58:24.977Z GET /api/v1/admin/allcategories 304 163.393 ms
2024-07-11T19:58:25.166Z GET /api/v1/admin/allcategories 304 170.875 ms
2024-07-11T19:58:25.364Z GET /api/v1/admin/allcategories 304 195.501 ms
2024-07-11T19:58:25.568Z GET /api/v1/admin/allcategories 304 201.597 ms
2024-07-11T19:58:25.769Z GET /api/v1/admin/allcategories 304 196.300 ms
2024-07-11T19:58:26.005Z GET /api/v1/admin/allcategories 304 233.536 ms
2024-07-11T19:58:26.012Z OPTIONS /api/v1/admin/allcategories 204 0.341 ms
2024-07-11T19:58:26.206Z GET /api/v1/admin/allcategories 304 199.273 ms
2024-07-11T19:58:26.364Z OPTIONS /api/v1/admin/getpurchases 204 0.249 ms
2024-07-11T19:58:26.370Z OPTIONS /api/v1/admin/getpurchases 204 0.178 ms
2024-07-11T19:58:26.405Z GET /api/v1/admin/allcategories 304 197.335 ms
2024-07-11T19:58:26.605Z GET /api/v1/admin/allcategories 304 195.278 ms
2024-07-11T19:58:26.684Z GET /api/v1/admin/getpurchases 200 317.765 ms
2024-07-11T19:58:26.974Z GET /api/v1/admin/getpurchases 200 287.537 ms
2024-07-11T19:58:35.373Z OPTIONS /api/v1/admin/allcourses 204 0.270 ms
2024-07-11T19:58:35.375Z OPTIONS /api/v1/admin/allcourses 204 0.384 ms
2024-07-11T19:58:35.932Z GET /api/v1/admin/allcourses 200 555.401 ms
2024-07-11T19:58:36.249Z GET /api/v1/admin/allcourses 304 312.931 ms
2024-07-11T19:58:36.816Z OPTIONS /api/v1/admin/getpurchases 204 0.246 ms
2024-07-11T19:58:36.818Z OPTIONS /api/v1/admin/getpurchases 204 0.182 ms
2024-07-11T19:58:37.138Z GET /api/v1/admin/getpurchases 200 317.882 ms
2024-07-11T19:58:37.418Z GET /api/v1/admin/getpurchases 200 276.613 ms
2024-07-11T19:58:43.875Z GET /api/v1/admin/custom 401 0.797 ms
2024-07-11T19:58:43.878Z GET /api/v1/admin/custom 401 0.629 ms
2024-07-11T20:01:31.523Z OPTIONS /api/v1/admin/custom 204 0.287 ms
2024-07-11T20:01:32.001Z GET /api/v1/admin/custom 200 468.241 ms
2024-07-11T20:01:34.644Z GET /api/v1/admin/custom 304 431.767 ms
2024-07-11T20:01:35.079Z GET /api/v1/admin/custom 304 432.960 ms
2024-07-11T20:04:56.628Z OPTIONS /api/v1/admin/custom 204 4.263 ms
2024-07-11T20:04:56.670Z OPTIONS /api/v1/admin/custom 204 1.528 ms
2024-07-11T20:04:57.146Z GET /api/v1/admin/custom 304 513.022 ms
2024-07-11T20:04:57.574Z GET /api/v1/admin/custom 304 426.050 ms
2024-07-11T20:30:21.371Z GET /api/v1/admin/custom 401 8.072 ms
2024-07-11T20:30:21.376Z GET /api/v1/admin/custom 401 1.707 ms
2024-07-11T20:30:35.114Z OPTIONS /api/v1/user/login 204 2.252 ms
2024-07-11T20:30:36.011Z POST /api/v1/user/login 200 893.444 ms
2024-07-11T20:30:36.071Z GET /api/v1/admin/custom 401 1.214 ms
2024-07-11T20:30:36.074Z GET /api/v1/admin/custom 401 0.684 ms
2024-07-11T20:31:00.700Z GET /api/v1/teacher/teacher/earnmoney/668a4b30696c62f20781bcb2 200 20184.782 ms
2024-07-11T20:31:00.789Z GET /api/v1/teacher/teacher/earnmoney/668a4b30696c62f20781bcb2 200 243.279 ms
2024-07-11T20:31:00.828Z OPTIONS /api/v1/user/dashboardteacherprofile/668a4b30696c62f20781bcb2 204 0.392 ms
2024-07-11T20:31:00.834Z OPTIONS /api/v1/user/dashboardteacherprofile/668a4b30696c62f20781bcb2 204 1.101 ms
2024-07-11T20:31:00.860Z GET /api/v1/teacher/teacher/numberofstudent/668a4b30696c62f20781bcb2 200 20353.137 ms
2024-07-11T20:31:00.887Z GET /api/v1/teacher/teacher/noofcourseandcoursewithcategory/668a4b30696c62f20781bcb2 200 344.022 ms
2024-07-11T20:31:01.037Z GET /api/v1/user/dashboardteacherprofile/668a4b30696c62f20781bcb2 200 202.021 ms
2024-07-11T20:31:01.208Z GET /api/v1/user/dashboardteacherprofile/668a4b30696c62f20781bcb2 304 167.701 ms
2024-07-11T20:31:01.264Z GET /api/v1/teacher/teacher/numberofstudent/668a4b30696c62f20781bcb2 200 726.539 ms
2024-07-11T20:31:01.325Z GET /api/v1/teacher/teacher/noofcourseandcoursewithcategory/668a4b30696c62f20781bcb2 200 20814.753 ms
2024-07-11T20:31:07.972Z OPTIONS /api/v1/user/dashboardteacherprofile/668a4b30696c62f20781bcb2 204 0.257 ms
2024-07-11T20:31:07.974Z OPTIONS /api/v1/user/dashboardteacherprofile/668a4b30696c62f20781bcb2 204 0.436 ms
2024-07-11T20:31:08.157Z GET /api/v1/user/dashboardteacherprofile/668a4b30696c62f20781bcb2 304 180.572 ms
2024-07-11T20:31:08.392Z GET /api/v1/user/dashboardteacherprofile/668a4b30696c62f20781bcb2 304 231.572 ms
2024-07-11T20:31:09.614Z GET /api/v1/teacher/teacher/earnmoney/668a4b30696c62f20781bcb2 304 79.330 ms
2024-07-11T20:31:09.674Z GET /api/v1/teacher/teacher/noofcourseandcoursewithcategory/668a4b30696c62f20781bcb2 304 143.444 ms
2024-07-11T20:31:09.680Z GET /api/v1/teacher/teacher/numberofstudent/668a4b30696c62f20781bcb2 304 152.401 ms
2024-07-11T20:31:09.706Z GET /api/v1/teacher/teacher/earnmoney/668a4b30696c62f20781bcb2 304 81.806 ms
2024-07-11T20:31:09.836Z GET /api/v1/teacher/teacher/noofcourseandcoursewithcategory/668a4b30696c62f20781bcb2 304 160.215 ms
2024-07-11T20:31:09.840Z GET /api/v1/teacher/teacher/numberofstudent/668a4b30696c62f20781bcb2 304 157.206 ms
2024-07-11T20:31:26.689Z GET /api/v1/teacher/teacher/earnmoney/668a4b30696c62f20781bcb2 304 90.685 ms
2024-07-11T20:31:26.795Z GET /api/v1/teacher/teacher/noofcourseandcoursewithcategory/668a4b30696c62f20781bcb2 304 200.639 ms
2024-07-11T20:31:26.800Z GET /api/v1/teacher/teacher/numberofstudent/668a4b30696c62f20781bcb2 304 207.376 ms
2024-07-11T20:31:26.829Z GET /api/v1/teacher/teacher/earnmoney/668a4b30696c62f20781bcb2 304 125.687 ms
2024-07-11T20:31:26.954Z GET /api/v1/teacher/teacher/noofcourseandcoursewithcategory/668a4b30696c62f20781bcb2 304 151.702 ms
2024-07-11T20:31:26.992Z GET /api/v1/teacher/teacher/numberofstudent/668a4b30696c62f20781bcb2 304 157.610 ms
2024-07-11T20:31:30.937Z OPTIONS /api/v1/teacher/teacher/studentlist/668a4b30696c62f20781bcb2 204 0.463 ms
2024-07-11T20:31:31.112Z GET /api/v1/teacher/teacher/studentlist/668a4b30696c62f20781bcb2 200 173.190 ms
2024-07-11T20:31:31.273Z GET /api/v1/teacher/teacher/studentlist/668a4b30696c62f20781bcb2 304 158.736 ms
2024-07-11T20:31:35.922Z GET /api/v1/teacher/teacher/earnmoney/668a4b30696c62f20781bcb2 304 87.935 ms
2024-07-11T20:31:35.992Z GET /api/v1/teacher/teacher/numberofstudent/668a4b30696c62f20781bcb2 304 167.831 ms
2024-07-11T20:31:36.018Z GET /api/v1/teacher/teacher/earnmoney/668a4b30696c62f20781bcb2 304 83.702 ms
2024-07-11T20:31:36.025Z GET /api/v1/teacher/teacher/noofcourseandcoursewithcategory/668a4b30696c62f20781bcb2 304 197.930 ms
2024-07-11T20:31:36.145Z GET /api/v1/teacher/teacher/numberofstudent/668a4b30696c62f20781bcb2 304 150.415 ms
2024-07-11T20:31:36.207Z GET /api/v1/teacher/teacher/noofcourseandcoursewithcategory/668a4b30696c62f20781bcb2 304 179.715 ms
2024-07-11T20:31:43.011Z GET /api/v1/teacher/teacher/earnmoney/668a4b30696c62f20781bcb2 304 111.857 ms
2024-07-11T20:31:43.113Z GET /api/v1/teacher/teacher/numberofstudent/668a4b30696c62f20781bcb2 304 219.471 ms
2024-07-11T20:31:43.143Z GET /api/v1/teacher/teacher/earnmoney/668a4b30696c62f20781bcb2 304 113.338 ms
2024-07-11T20:31:43.150Z GET /api/v1/teacher/teacher/noofcourseandcoursewithcategory/668a4b30696c62f20781bcb2 304 254.524 ms
2024-07-11T20:31:43.278Z GET /api/v1/teacher/teacher/numberofstudent/668a4b30696c62f20781bcb2 304 159.539 ms
2024-07-11T20:31:43.323Z GET /api/v1/teacher/teacher/noofcourseandcoursewithcategory/668a4b30696c62f20781bcb2 304 164.200 ms
2024-07-11T20:31:52.800Z OPTIONS /api/v1/user/dashboardteacherprofile/668a4b30696c62f20781bcb2 204 0.810 ms
2024-07-11T20:31:52.802Z OPTIONS /api/v1/user/dashboardteacherprofile/668a4b30696c62f20781bcb2 204 0.291 ms
2024-07-11T20:31:53.037Z GET /api/v1/user/dashboardteacherprofile/668a4b30696c62f20781bcb2 304 233.108 ms
2024-07-11T20:31:53.234Z GET /api/v1/user/dashboardteacherprofile/668a4b30696c62f20781bcb2 304 192.820 ms
2024-07-11T20:31:54.918Z OPTIONS /api/course/668a4ca9696c62f20781bdb2 204 0.393 ms
2024-07-11T20:31:54.920Z OPTIONS /api/course/668a4ca9696c62f20781bdb2 204 0.413 ms
2024-07-11T20:31:55.246Z GET /api/course/668a4ca9696c62f20781bdb2 200 324.311 ms
2024-07-11T20:31:55.516Z GET /api/course/668a4ca9696c62f20781bdb2 304 264.942 ms
2024-07-11T20:32:09.827Z GET /api/v1/admin/custom 401 1.190 ms
2024-07-11T20:32:09.833Z GET /api/v1/admin/custom 401 1.012 ms
2024-07-11T20:32:37.461Z OPTIONS /api/v1/user/login 204 0.878 ms
2024-07-11T20:32:38.011Z POST /api/v1/user/login 200 546.585 ms
2024-07-11T20:32:38.064Z GET /api/v1/admin/custom 401 0.545 ms
2024-07-11T20:32:38.071Z GET /api/v1/admin/custom 401 1.531 ms
2024-07-11T20:32:41.785Z GET /api/v1/admin/allcourses?search= 401 1.208 ms
2024-07-11T20:32:41.789Z GET /api/v1/admin/allcourses?search= 401 0.685 ms
2024-07-11T20:33:23.666Z GET /api/v1/admin/allcourses?search= 401 0.510 ms
2024-07-11T20:33:23.673Z GET /api/v1/admin/allcourses?search= 401 0.496 ms
2024-07-11T20:35:01.780Z GET /api/v1/admin/allcourses?search= 401 0.610 ms
2024-07-11T20:37:53.615Z GET /api/v1/admin/custom 401 7.814 ms
2024-07-11T20:37:53.624Z GET /api/v1/admin/custom 401 2.258 ms
2024-07-11T20:38:04.470Z OPTIONS /api/v1/user/login 204 1.894 ms
2024-07-11T20:38:05.053Z POST /api/v1/user/login 200 579.208 ms
2024-07-11T20:38:05.130Z GET /api/v1/admin/custom 401 0.917 ms
2024-07-11T20:38:05.136Z GET /api/v1/admin/custom 401 1.018 ms
2024-07-11T20:38:08.112Z OPTIONS /api/v1/admin/custom 204 0.565 ms
2024-07-11T20:38:08.114Z OPTIONS /api/v1/admin/custom 204 0.395 ms
2024-07-11T20:38:08.556Z GET /api/v1/admin/custom 200 440.512 ms
2024-07-11T20:38:09.070Z GET /api/v1/admin/custom 304 511.077 ms
2024-07-11T20:38:11.372Z OPTIONS /api/v1/admin/allcourses 204 0.381 ms
2024-07-11T20:38:11.375Z OPTIONS /api/v1/admin/allcourses 204 0.388 ms
2024-07-11T20:38:11.807Z GET /api/v1/admin/allcourses 200 429.173 ms
2024-07-11T20:38:12.046Z GET /api/v1/admin/allcourses 304 235.517 ms
2024-07-11T20:38:14.060Z OPTIONS /api/course/singlecourse/:65d12645bf8cfcb10766ab4d 204 0.436 ms
2024-07-11T20:38:14.063Z OPTIONS /api/course/singlecourse/:65d12645bf8cfcb10766ab4d 204 0.573 ms
2024-07-11T20:38:14.197Z GET /api/course/singlecourse/:65d12645bf8cfcb10766ab4d 200 130.888 ms
2024-07-11T20:38:14.208Z OPTIONS /api/v1/teacher/getTeacher/65be546c84d6ea6bd025bac8 204 0.417 ms
2024-07-11T20:38:14.307Z GET /api/course/singlecourse/:65d12645bf8cfcb10766ab4d 304 106.964 ms
2024-07-11T20:38:14.323Z GET /api/v1/teacher/getTeacher/65be546c84d6ea6bd025bac8 200 111.125 ms
2024-07-11T20:38:14.340Z OPTIONS /api/comments/65d12645bf8cfcb10766ab4d 204 0.868 ms
2024-07-11T20:38:14.352Z GET /api/comments/65d12645bf8cfcb10766ab4d 404 5.545 ms
2024-07-11T20:38:14.441Z GET /api/v1/teacher/getTeacher/65be546c84d6ea6bd025bac8 304 114.945 ms
2024-07-11T20:38:14.453Z GET /api/comments/65d12645bf8cfcb10766ab4d 404 2.489 ms
2024-07-11T20:38:18.077Z OPTIONS /api/v1/admin/allcourses 204 0.735 ms
2024-07-11T20:38:18.081Z OPTIONS /api/v1/admin/allcourses 204 1.240 ms
2024-07-11T20:38:18.514Z GET /api/v1/admin/allcourses 304 429.870 ms
2024-07-11T20:38:18.787Z GET /api/v1/admin/allcourses 304 269.049 ms
2024-07-13T17:21:53.141Z GET /api/v1/admin/custom 401 9.745 ms
2024-07-13T17:21:53.163Z GET /api/v1/admin/custom 401 1.832 ms
2024-07-13T18:08:10.129Z OPTIONS /api/v1/user/login 204 2.758 ms
2024-07-13T18:08:21.461Z POST /api/v1/user/login 200 11328.242 ms
2024-07-13T18:08:21.590Z GET /api/v1/admin/custom 401 1.998 ms
2024-07-13T18:08:21.594Z GET /api/v1/admin/custom 401 1.171 ms
2024-07-13T18:08:30.716Z OPTIONS /api/v1/admin/custom 204 0.401 ms
2024-07-13T18:08:30.719Z OPTIONS /api/v1/admin/custom 204 0.329 ms
2024-07-13T18:08:31.393Z GET /api/v1/admin/custom 200 670.510 ms
2024-07-13T18:08:31.433Z GET /api/v1/admin/custom 200 595.202 ms
2024-07-13T18:08:34.121Z OPTIONS /api/v1/admin/getpurchases 204 0.379 ms
2024-07-13T18:08:34.129Z OPTIONS /api/v1/admin/getpurchases 204 0.249 ms
2024-07-13T18:08:34.548Z GET /api/v1/admin/getpurchases 200 425.318 ms
2024-07-13T18:08:34.560Z GET /api/v1/admin/getpurchases 200 393.334 ms
2024-07-13T18:08:41.908Z OPTIONS /api/v1/admin/allcourses 204 0.448 ms
2024-07-13T18:08:41.912Z OPTIONS /api/v1/admin/allcourses 204 0.539 ms
2024-07-13T18:08:42.638Z GET /api/v1/admin/allcourses 200 723.566 ms
2024-07-13T18:08:42.642Z GET /api/v1/admin/allcourses 200 719.289 ms
2024-07-13T18:08:45.769Z OPTIONS /api/v1/admin/allcategories 204 0.278 ms
2024-07-13T18:08:45.772Z OPTIONS /api/v1/admin/allcategories 204 0.307 ms
2024-07-13T18:08:46.037Z GET /api/v1/admin/allcategories 200 236.786 ms
2024-07-13T18:08:46.052Z GET /api/v1/admin/allcategories 200 246.078 ms
2024-07-13T18:08:46.070Z OPTIONS /api/v1/admin/allcategories 204 2.142 ms
2024-07-13T18:08:46.078Z OPTIONS /api/v1/admin/allcategories 204 0.651 ms
2024-07-13T18:08:46.309Z GET /api/v1/admin/allcategories 200 217.541 ms
2024-07-13T18:08:46.315Z OPTIONS /api/v1/admin/allcategories 204 0.209 ms
2024-07-13T18:08:46.327Z GET /api/v1/admin/allcategories 200 243.284 ms
2024-07-13T18:08:46.369Z OPTIONS /api/v1/admin/allcategories 204 0.321 ms
2024-07-13T18:08:46.521Z GET /api/v1/admin/allcategories 200 203.219 ms
2024-07-13T18:08:46.532Z OPTIONS /api/v1/admin/allcategories 204 0.378 ms
2024-07-13T18:08:46.611Z GET /api/v1/admin/allcategories 200 233.241 ms
2024-07-13T18:08:46.630Z OPTIONS /api/v1/admin/allcategories 204 0.247 ms
2024-07-13T18:08:46.798Z GET /api/v1/admin/allcategories 200 261.804 ms
2024-07-13T18:08:46.812Z OPTIONS /api/v1/admin/allcategories 204 0.375 ms
2024-07-13T18:08:46.896Z GET /api/v1/admin/allcategories 200 254.595 ms
2024-07-13T18:08:46.965Z OPTIONS /api/v1/admin/allcategories 204 0.312 ms
2024-07-13T18:08:47.163Z GET /api/v1/admin/allcategories 200 263.574 ms
2024-07-13T18:08:47.175Z OPTIONS /api/v1/admin/allcategories 204 0.223 ms
2024-07-13T18:08:47.238Z GET /api/v1/admin/allcategories 200 253.913 ms
2024-07-13T18:08:47.249Z OPTIONS /api/v1/admin/allcategories 204 0.206 ms
2024-07-13T18:08:47.447Z GET /api/v1/admin/allcategories 200 267.304 ms
2024-07-13T18:08:47.458Z OPTIONS /api/v1/admin/allcategories 204 0.327 ms
2024-07-13T18:08:47.475Z GET /api/v1/admin/allcategories 200 224.203 ms
2024-07-13T18:08:47.485Z OPTIONS /api/v1/admin/allcategories 204 0.275 ms
2024-07-13T18:08:47.680Z GET /api/v1/admin/allcategories 200 219.666 ms
2024-07-13T18:08:47.690Z OPTIONS /api/v1/admin/allcategories 204 0.463 ms
2024-07-13T18:08:47.750Z GET /api/v1/admin/allcategories 200 256.462 ms
2024-07-13T18:08:47.762Z OPTIONS /api/v1/admin/allcategories 204 0.232 ms
2024-07-13T18:08:47.986Z GET /api/v1/admin/allcategories 200 289.695 ms
2024-07-13T18:08:47.998Z OPTIONS /api/v1/admin/allcategories 204 0.233 ms
2024-07-13T18:08:48.036Z GET /api/v1/admin/allcategories 200 253.541 ms
2024-07-13T18:08:48.051Z OPTIONS /api/v1/admin/allcategories 204 0.223 ms
2024-07-13T18:08:48.260Z GET /api/v1/admin/allcategories 200 260.047 ms
2024-07-13T18:08:48.266Z OPTIONS /api/v1/admin/allcategories 204 0.202 ms
2024-07-13T18:08:48.278Z GET /api/v1/admin/allcategories 200 222.362 ms
2024-07-13T18:08:48.297Z OPTIONS /api/v1/admin/allcategories 204 0.231 ms
2024-07-13T18:08:48.526Z GET /api/v1/admin/allcategories 200 258.017 ms
2024-07-13T18:08:48.542Z OPTIONS /api/v1/admin/allcategories 204 0.410 ms
2024-07-13T18:08:48.629Z GET /api/v1/admin/allcategories 200 243.883 ms
2024-07-13T18:08:48.634Z OPTIONS /api/v1/admin/allcategories 204 0.245 ms
2024-07-13T18:08:48.801Z GET /api/v1/admin/allcategories 200 254.281 ms
2024-07-13T18:08:48.814Z OPTIONS /api/v1/admin/allcategories 204 0.396 ms
2024-07-13T18:08:48.876Z GET /api/v1/admin/allcategories 200 240.023 ms
2024-07-13T18:08:48.887Z OPTIONS /api/v1/admin/allcategories 204 0.408 ms
2024-07-13T18:08:49.096Z GET /api/v1/admin/allcategories 200 203.001 ms
2024-07-13T18:08:49.103Z GET /api/v1/admin/allcategories 200 285.013 ms
2024-07-13T18:08:49.114Z OPTIONS /api/v1/admin/allcategories 204 0.515 ms
2024-07-13T18:08:49.129Z OPTIONS /api/v1/admin/allcategories 204 0.265 ms
2024-07-13T18:08:49.350Z GET /api/v1/admin/allcategories 200 228.525 ms
2024-07-13T18:08:49.364Z OPTIONS /api/v1/admin/allcategories 204 0.231 ms
2024-07-13T18:08:49.394Z GET /api/v1/admin/allcategories 200 220.773 ms
2024-07-13T18:08:49.433Z OPTIONS /api/v1/admin/allcategories 204 0.595 ms
2024-07-13T18:08:49.608Z GET /api/v1/admin/allcategories 200 241.487 ms
2024-07-13T18:08:49.622Z OPTIONS /api/v1/admin/allcategories 204 0.386 ms
2024-07-13T18:08:49.717Z GET /api/v1/admin/allcategories 200 248.109 ms
2024-07-13T18:08:49.724Z OPTIONS /api/v1/admin/allcategories 204 0.157 ms
2024-07-13T18:08:49.846Z GET /api/v1/admin/allcategories 200 218.626 ms
2024-07-13T18:08:49.871Z OPTIONS /api/v1/admin/allcategories 204 0.248 ms
2024-07-13T18:08:49.941Z GET /api/v1/admin/allcategories 200 214.700 ms
2024-07-13T18:08:49.946Z OPTIONS /api/v1/admin/allcategories 204 0.191 ms
2024-07-13T18:08:50.102Z GET /api/v1/admin/allcategories 200 227.975 ms
2024-07-13T18:08:50.118Z OPTIONS /api/v1/admin/allcategories 204 0.308 ms
2024-07-13T18:08:50.193Z GET /api/v1/admin/allcategories 200 244.481 ms
2024-07-13T18:08:50.206Z OPTIONS /api/v1/admin/allcategories 204 1.073 ms
2024-07-13T18:08:50.367Z GET /api/v1/admin/allcategories 200 242.890 ms
2024-07-13T18:08:50.377Z OPTIONS /api/v1/admin/allcategories 204 0.315 ms
2024-07-13T18:08:50.425Z GET /api/v1/admin/allcategories 200 213.904 ms
2024-07-13T18:08:50.440Z OPTIONS /api/v1/admin/allcategories 204 1.239 ms
2024-07-13T18:08:50.645Z GET /api/v1/admin/allcategories 200 265.616 ms
2024-07-13T18:08:50.651Z GET /api/v1/admin/allcategories 200 204.453 ms
2024-07-13T18:08:50.653Z OPTIONS /api/v1/admin/allcategories 204 0.208 ms
2024-07-13T18:08:50.664Z OPTIONS /api/v1/admin/allcategories 204 0.454 ms
2024-07-13T18:08:50.919Z GET /api/v1/admin/allcategories 200 233.971 ms
2024-07-13T18:08:50.925Z OPTIONS /api/v1/admin/allcategories 204 0.277 ms
2024-07-13T18:08:50.943Z GET /api/v1/admin/allcategories 200 248.517 ms
2024-07-13T18:08:50.977Z OPTIONS /api/v1/admin/allcategories 204 0.238 ms
2024-07-13T18:08:51.115Z GET /api/v1/admin/allcategories 200 188.191 ms
2024-07-13T18:08:51.132Z OPTIONS /api/v1/admin/allcategories 204 0.232 ms
2024-07-13T18:08:51.250Z GET /api/v1/admin/allcategories 200 253.471 ms
2024-07-13T18:08:51.290Z OPTIONS /api/v1/admin/allcategories 204 0.215 ms
2024-07-13T18:08:51.359Z GET /api/v1/admin/allcategories 200 224.718 ms
2024-07-13T18:08:51.365Z OPTIONS /api/v1/admin/allcategories 204 0.240 ms
2024-07-13T18:08:51.519Z GET /api/v1/admin/allcategories 200 226.966 ms
2024-07-13T18:08:51.528Z OPTIONS /api/v1/admin/allcategories 204 0.277 ms
2024-07-13T18:08:51.597Z GET /api/v1/admin/allcategories 200 229.581 ms
2024-07-13T18:08:51.610Z OPTIONS /api/v1/admin/allcategories 204 0.187 ms
2024-07-13T18:08:51.807Z GET /api/v1/admin/allcategories 200 275.748 ms
2024-07-13T18:08:51.818Z OPTIONS /api/v1/admin/allcategories 204 0.428 ms
2024-07-13T18:08:51.840Z GET /api/v1/admin/allcategories 200 224.964 ms
2024-07-13T18:08:51.863Z OPTIONS /api/v1/admin/allcategories 204 0.449 ms
2024-07-13T18:08:52.042Z GET /api/v1/admin/allcategories 200 220.061 ms
2024-07-13T18:08:52.052Z OPTIONS /api/v1/admin/allcategories 204 0.239 ms
2024-07-13T18:08:52.109Z GET /api/v1/admin/allcategories 200 244.454 ms
2024-07-13T18:08:52.119Z OPTIONS /api/v1/admin/allcategories 204 0.213 ms
2024-07-13T18:08:52.272Z OPTIONS /api/v1/admin/universalSearch?query= 204 0.462 ms
2024-07-13T18:08:52.273Z OPTIONS /api/v1/admin/universalSearch?query= 204 0.254 ms
2024-07-13T18:08:52.324Z GET /api/v1/admin/allcategories 200 267.433 ms
2024-07-13T18:08:52.350Z GET /api/v1/admin/allcategories 200 219.831 ms
2024-07-13T18:08:52.918Z GET /api/v1/admin/universalSearch?query= 200 522.621 ms
2024-07-13T18:08:53.057Z GET /api/v1/admin/universalSearch?query= 200 647.880 ms
2024-07-13T18:08:55.374Z OPTIONS /api/v1/admin/teacheruniversalSearch?query= 204 0.277 ms
2024-07-13T18:08:55.375Z OPTIONS /api/v1/admin/teacheruniversalSearch?query= 204 0.192 ms
2024-07-13T18:08:55.737Z GET /api/v1/admin/teacheruniversalSearch?query= 200 352.579 ms
2024-07-13T18:08:55.820Z GET /api/v1/admin/teacheruniversalSearch?query= 200 440.289 ms
2024-07-13T18:08:58.159Z OPTIONS /api/v1/admin/query 204 0.437 ms
2024-07-13T18:08:58.161Z OPTIONS /api/v1/admin/query 204 0.222 ms
2024-07-13T18:08:58.431Z GET /api/v1/admin/query 201 257.780 ms
2024-07-13T18:08:58.481Z GET /api/v1/admin/query 201 316.007 ms
2024-07-13T18:09:03.041Z GET /api/v1/admin/custom 401 0.745 ms
2024-07-13T18:09:03.045Z GET /api/v1/admin/custom 401 0.552 ms
2024-07-13T18:11:28.011Z GET /api/v1/admin/custom 200 460.587 ms
2024-07-13T18:11:28.051Z GET /api/v1/admin/custom 200 547.766 ms
2024-07-13T18:13:53.793Z OPTIONS /api/v1/admin/allcourses?search= 204 1.075 ms
2024-07-13T18:13:53.797Z OPTIONS /api/v1/admin/allcourses?search= 204 0.471 ms
2024-07-13T18:13:54.331Z GET /api/v1/admin/allcourses?search= 200 529.685 ms
2024-07-13T18:13:54.345Z GET /api/v1/admin/allcourses?search= 200 463.400 ms
2024-07-13T18:13:55.175Z GET /images/1712309606203.jpg 404 106.200 ms
2024-07-13T18:13:55.177Z GET /images/cover/kievfaryxphrvishgtmx 404 8.120 ms
2024-07-13T18:13:55.177Z GET /images/cover/qdcxf2vlusharszk1zk5 404 8.040 ms
2024-07-13T18:14:00.800Z GET /images/1712309606203.jpg 404 1.636 ms
2024-07-13T18:14:00.802Z GET /images/cover/kievfaryxphrvishgtmx 404 2.350 ms
2024-07-13T18:14:00.904Z GET /images/cover/qdcxf2vlusharszk1zk5 404 1.598 ms
2024-07-13T18:14:17.539Z GET /api/course/description/65d7d874a94712a29a69cb17 401 1.427 ms
2024-07-13T18:14:17.543Z OPTIONS /api/course/get-comments 204 0.442 ms
2024-07-13T18:14:17.546Z OPTIONS /api/course/get-comments 204 0.239 ms
2024-07-13T18:14:17.713Z GET /api/course/description/65d7d874a94712a29a69cb17 401 1.118 ms
2024-07-13T18:14:17.739Z GET /api/course/getCourseRating/65d7d874a94712a29a69cb17 200 306.062 ms
2024-07-13T18:14:17.816Z POST /api/course/get-comments 200 268.298 ms
2024-07-13T18:14:17.825Z POST /api/course/get-comments 200 119.141 ms
2024-07-13T18:14:17.883Z GET /api/course/getCourseRating/65d7d874a94712a29a69cb17 304 140.259 ms
2024-07-13T18:14:55.504Z GET /api/course/description/65d7d874a94712a29a69cb17 401 1.194 ms
2024-07-13T18:14:55.506Z OPTIONS /api/course/get-comments 204 0.324 ms
2024-07-13T18:14:55.543Z GET /api/course/description/65d7d874a94712a29a69cb17 401 2.152 ms
2024-07-13T18:14:55.546Z OPTIONS /api/course/get-comments 204 0.410 ms
2024-07-13T18:14:55.664Z GET /api/course/getCourseRating/65d7d874a94712a29a69cb17 200 167.865 ms
2024-07-13T18:14:55.670Z GET /api/course/getCourseRating/65d7d874a94712a29a69cb17 200 138.897 ms
2024-07-13T18:14:55.721Z POST /api/course/get-comments 200 209.462 ms
2024-07-13T18:14:55.724Z POST /api/course/get-comments 200 170.038 ms
2024-07-13T18:18:30.429Z OPTIONS /api/course/get-comments 204 6.128 ms
2024-07-13T18:18:30.602Z OPTIONS /api/course/get-comments 204 0.609 ms
2024-07-13T18:18:33.547Z GET /api/course/getCourseRating/65d7d874a94712a29a69cb17 200 3110.811 ms
2024-07-13T18:18:33.649Z GET /api/course/getCourseRating/65d7d874a94712a29a69cb17 200 3188.878 ms
2024-07-13T18:18:33.664Z POST /api/course/get-comments 200 3060.416 ms
2024-07-13T18:18:33.699Z POST /api/course/get-comments 200 3065.309 ms
2024-07-13T18:18:33.958Z GET /api/course/description/65d7d874a94712a29a69cb17 200 3510.431 ms
2024-07-13T18:18:34.669Z GET /api/course/description/65d7d874a94712a29a69cb17 200 4214.292 ms
2024-07-13T18:19:41.953Z OPTIONS /api/course/get-comments 204 0.237 ms
2024-07-13T18:19:41.961Z OPTIONS /api/course/get-comments 204 0.296 ms
2024-07-13T18:19:42.067Z GET /api/course/getCourseRating/65d7d874a94712a29a69cb17 304 120.301 ms
2024-07-13T18:19:42.076Z POST /api/course/get-comments 200 112.477 ms
2024-07-13T18:19:42.088Z POST /api/course/get-comments 200 130.381 ms
2024-07-13T18:19:42.165Z GET /api/course/description/65d7d874a94712a29a69cb17 304 210.420 ms
2024-07-13T18:19:42.211Z GET /api/course/getCourseRating/65d7d874a94712a29a69cb17 304 128.237 ms
2024-07-13T18:19:42.382Z GET /api/course/description/65d7d874a94712a29a69cb17 304 213.499 ms
2024-07-13T18:20:00.653Z OPTIONS /api/v1/user/instructorData 204 0.259 ms
2024-07-13T18:20:00.655Z OPTIONS /api/v1/user/instructorData 204 0.250 ms
2024-07-13T18:20:01.337Z GET /api/v1/user/instructorData 200 675.446 ms
2024-07-13T18:20:02.022Z GET /api/v1/user/instructorData 304 682.608 ms
2024-07-13T18:20:14.867Z OPTIONS /api/v1/admin/custom 204 0.328 ms
2024-07-13T18:20:14.869Z OPTIONS /api/v1/admin/custom 204 0.314 ms
2024-07-13T18:20:15.310Z GET /api/v1/admin/custom 304 439.912 ms
2024-07-13T18:20:15.760Z GET /api/v1/admin/custom 304 447.464 ms
2024-07-13T18:20:16.137Z OPTIONS /api/v1/admin/allcourses?search= 204 0.370 ms
2024-07-13T18:20:16.139Z OPTIONS /api/v1/admin/allcourses?search= 204 0.421 ms
2024-07-13T18:20:16.583Z GET /api/v1/admin/allcourses?search= 304 436.505 ms
2024-07-13T18:20:16.816Z GET /api/v1/admin/allcourses?search= 304 231.604 ms
2024-07-13T18:20:16.910Z GET /images/1712309606203.jpg 404 6.722 ms
2024-07-13T18:20:16.912Z GET /images/cover/kievfaryxphrvishgtmx 404 6.465 ms
2024-07-13T18:20:16.913Z GET /images/cover/qdcxf2vlusharszk1zk5 404 6.418 ms
2024-07-13T18:20:18.220Z GET /api/v1/admin/custom 304 453.616 ms
2024-07-13T18:20:18.689Z GET /api/v1/admin/custom 304 466.038 ms
2024-07-13T18:22:07.868Z OPTIONS /api/v1/user/login 204 0.261 ms
2024-07-13T18:22:08.758Z POST /api/v1/user/login 200 887.489 ms
2024-07-13T18:22:09.351Z GET /api/v1/admin/custom 304 524.723 ms
2024-07-13T18:22:09.865Z GET /api/v1/admin/custom 304 507.000 ms
2024-07-13T18:22:12.164Z OPTIONS /api/v1/admin/allcourses?search= 204 0.596 ms
2024-07-13T18:22:12.168Z OPTIONS /api/v1/admin/allcourses?search= 204 0.530 ms
2024-07-13T18:22:12.582Z GET /api/v1/admin/allcourses?search= 304 405.608 ms
2024-07-13T18:22:12.801Z GET /api/v1/admin/allcourses?search= 304 215.825 ms
2024-07-13T18:22:13.007Z GET /images/1712309606203.jpg 404 1.197 ms
2024-07-13T18:22:13.010Z GET /images/cover/kievfaryxphrvishgtmx 404 1.431 ms
2024-07-13T18:22:13.011Z GET /images/cover/qdcxf2vlusharszk1zk5 404 1.852 ms
2024-07-13T18:22:15.368Z OPTIONS /api/course/get-comments 204 0.252 ms
2024-07-13T18:22:15.369Z OPTIONS /api/course/get-comments 204 0.252 ms
2024-07-13T18:22:15.486Z GET /api/course/getCourseRating/65d12645bf8cfcb10766ab4d 200 123.448 ms
2024-07-13T18:22:15.618Z POST /api/course/get-comments 200 242.582 ms
2024-07-13T18:22:15.637Z POST /api/course/get-comments 200 266.417 ms
2024-07-13T18:22:15.641Z GET /api/course/getCourseRating/65d12645bf8cfcb10766ab4d 304 151.078 ms
2024-07-13T18:22:15.823Z GET /api/course/description/65d12645bf8cfcb10766ab4d 200 456.773 ms
2024-07-13T18:22:16.041Z GET /api/course/description/65d12645bf8cfcb10766ab4d 304 214.141 ms
2024-07-13T18:22:24.144Z OPTIONS /api/v1/admin/allcourses?search= 204 0.230 ms
2024-07-13T18:22:24.146Z OPTIONS /api/v1/admin/allcourses?search= 204 0.224 ms
2024-07-13T18:22:24.572Z GET /api/v1/admin/allcourses?search= 304 423.230 ms
2024-07-13T18:22:24.799Z GET /api/v1/admin/allcourses?search= 304 222.742 ms
2024-07-13T18:22:24.874Z GET /images/1712309606203.jpg 404 2.036 ms
2024-07-13T18:22:24.875Z GET /images/cover/kievfaryxphrvishgtmx 404 2.289 ms
2024-07-13T18:22:24.877Z GET /images/cover/qdcxf2vlusharszk1zk5 404 4.157 ms
2024-07-13T18:22:27.355Z OPTIONS /api/course/get-comments 204 0.156 ms
2024-07-13T18:22:27.356Z OPTIONS /api/course/get-comments 204 0.140 ms
2024-07-13T18:22:27.494Z GET /api/course/getCourseRating/661d135446c19c4991fba054 200 144.244 ms
2024-07-13T18:22:27.606Z POST /api/course/get-comments 200 245.207 ms
2024-07-13T18:22:27.620Z POST /api/course/get-comments 200 262.283 ms
2024-07-13T18:22:27.631Z GET /api/course/getCourseRating/661d135446c19c4991fba054 304 133.778 ms
2024-07-13T18:22:27.815Z GET /api/course/description/661d135446c19c4991fba054 200 461.799 ms
2024-07-13T18:22:28.032Z GET /api/course/description/661d135446c19c4991fba054 304 211.357 ms
2024-07-13T18:22:42.236Z OPTIONS /api/course/add-comment 204 0.177 ms
2024-07-13T18:22:42.550Z POST /api/course/add-comment 200 311.955 ms
2024-07-13T18:22:42.555Z OPTIONS /api/course/get-comments 204 0.285 ms
2024-07-13T18:22:42.818Z POST /api/course/get-comments 200 260.857 ms
2024-07-13T18:23:29.943Z OPTIONS /api/v1/user/add-to-wl 204 0.189 ms
2024-07-13T18:23:30.241Z POST /api/v1/user/add-to-wl 200 295.507 ms
2024-07-13T18:23:37.853Z OPTIONS /api/v1/user/your-courses/65d256d28abf563a4bc961f5?timestamp=1720895017830 204 1.174 ms
2024-07-13T18:23:37.854Z OPTIONS /api/v1/user/your-courses/65d256d28abf563a4bc961f5?timestamp=1720895017831 204 0.228 ms
2024-07-13T18:23:38.405Z GET /api/v1/user/your-courses/65d256d28abf563a4bc961f5?timestamp=1720895017831 200 544.021 ms
2024-07-13T18:23:38.455Z GET /api/v1/user/your-courses/65d256d28abf563a4bc961f5?timestamp=1720895017830 200 599.388 ms
2024-07-13T18:23:48.936Z OPTIONS /api/course/description/65d7bfcef6e43a005af95bb5 204 0.696 ms
2024-07-13T18:23:48.938Z OPTIONS /api/course/description/65d7bfcef6e43a005af95bb5 204 0.239 ms
2024-07-13T18:23:49.762Z GET /api/course/description/65d7bfcef6e43a005af95bb5 200 821.351 ms
2024-07-13T18:23:50.583Z GET /api/course/description/65d7bfcef6e43a005af95bb5 304 819.282 ms
2024-07-13T18:23:51.661Z OPTIONS /api/create-order 204 0.156 ms
2024-07-13T18:23:53.971Z POST /api/create-order 200 2309.049 ms
2024-07-13T18:24:23.224Z OPTIONS /api/v1/user/purchase 204 0.322 ms
2024-07-13T18:24:23.654Z POST /api/v1/user/purchase 200 427.864 ms
2024-07-13T18:24:24.187Z GET /api/v1/admin/custom 304 480.783 ms
2024-07-13T18:24:24.672Z GET /api/v1/admin/custom 304 479.525 ms
2024-07-13T18:24:28.911Z OPTIONS /api/v1/user/your-courses/65d256d28abf563a4bc961f5?timestamp=1720895068904 204 0.267 ms
2024-07-13T18:24:28.917Z OPTIONS /api/v1/user/your-courses/65d256d28abf563a4bc961f5?timestamp=1720895068905 204 0.545 ms
2024-07-13T18:24:29.421Z GET /api/v1/user/your-courses/65d256d28abf563a4bc961f5?timestamp=1720895068905 200 496.102 ms
2024-07-13T18:24:29.482Z GET /api/v1/user/your-courses/65d256d28abf563a4bc961f5?timestamp=1720895068904 200 563.058 ms
2024-07-13T18:24:39.516Z OPTIONS /api/v1/user/your-courses/65d256d28abf563a4bc961f5?timestamp=1720895079481 204 0.305 ms
2024-07-13T18:24:39.520Z OPTIONS /api/v1/user/your-courses/65d256d28abf563a4bc961f5?timestamp=1720895079482 204 0.235 ms
2024-07-13T18:24:40.105Z GET /api/v1/user/your-courses/65d256d28abf563a4bc961f5?timestamp=1720895079482 200 564.777 ms
2024-07-13T18:24:40.138Z GET /api/v1/user/your-courses/65d256d28abf563a4bc961f5?timestamp=1720895079481 200 603.113 ms
2024-07-13T18:24:48.244Z OPTIONS /api/v1/user/course/get-progress 204 0.352 ms
2024-07-13T18:24:48.245Z OPTIONS /api/course/65d7bfcef6e43a005af95bb5 204 0.202 ms
2024-07-13T18:24:48.248Z OPTIONS /api/v1/user/course/get-progress 204 0.719 ms
2024-07-13T18:24:48.251Z OPTIONS /api/course/65d7bfcef6e43a005af95bb5 204 0.318 ms
2024-07-13T18:24:48.393Z POST /api/v1/user/course/get-progress 200 138.695 ms
2024-07-13T18:24:48.429Z POST /api/v1/user/course/get-progress 200 169.562 ms
2024-07-13T18:24:48.639Z GET /api/course/65d7bfcef6e43a005af95bb5 200 375.082 ms
2024-07-13T18:24:49.005Z GET /api/course/65d7bfcef6e43a005af95bb5 304 361.220 ms
2024-07-13T18:24:52.706Z OPTIONS /api/v1/user/course/progress 204 0.227 ms
2024-07-13T18:24:53.466Z POST /api/v1/user/course/progress 200 758.066 ms
2024-07-13T18:24:56.876Z POST /api/v1/user/course/progress 200 367.781 ms
2024-07-13T18:25:00.825Z OPTIONS /api/v1/user/your-courses/65d256d28abf563a4bc961f5?timestamp=1720895100817 204 0.369 ms
2024-07-13T18:25:00.826Z OPTIONS /api/v1/user/your-courses/65d256d28abf563a4bc961f5?timestamp=1720895100818 204 0.253 ms
2024-07-13T18:25:01.382Z GET /api/v1/user/your-courses/65d256d28abf563a4bc961f5?timestamp=1720895100818 200 543.375 ms
2024-07-13T18:25:01.417Z GET /api/v1/user/your-courses/65d256d28abf563a4bc961f5?timestamp=1720895100817 200 585.913 ms
2024-07-13T18:25:13.047Z OPTIONS /api/v1/user/course/get-progress 204 0.335 ms
2024-07-13T18:25:13.049Z OPTIONS /api/course/65d7c494c44cec15f9adf35c 204 0.347 ms
2024-07-13T18:25:13.051Z OPTIONS /api/v1/user/course/get-progress 204 0.258 ms
2024-07-13T18:25:13.052Z OPTIONS /api/course/65d7c494c44cec15f9adf35c 204 0.165 ms
2024-07-13T18:25:13.204Z POST /api/v1/user/course/get-progress 200 143.868 ms
2024-07-13T18:25:13.231Z POST /api/v1/user/course/get-progress 200 178.083 ms
2024-07-13T18:25:13.435Z GET /api/course/65d7c494c44cec15f9adf35c 200 377.833 ms
2024-07-13T18:25:13.792Z GET /api/course/65d7c494c44cec15f9adf35c 304 354.518 ms
2024-07-13T18:25:16.676Z OPTIONS /api/v1/user/course/progress 204 0.298 ms
2024-07-13T18:25:17.452Z POST /api/v1/user/course/progress 200 772.782 ms
2024-07-13T18:25:18.924Z OPTIONS /api/v1/user/your-courses/65d256d28abf563a4bc961f5?timestamp=1720895118917 204 0.299 ms
2024-07-13T18:25:18.926Z OPTIONS /api/v1/user/your-courses/65d256d28abf563a4bc961f5?timestamp=1720895118918 204 0.237 ms
2024-07-13T18:25:19.787Z GET /api/v1/user/your-courses/65d256d28abf563a4bc961f5?timestamp=1720895118917 200 859.501 ms
2024-07-13T18:25:19.817Z GET /api/v1/user/your-courses/65d256d28abf563a4bc961f5?timestamp=1720895118918 200 886.323 ms
2024-07-13T18:25:26.886Z OPTIONS /api/v1/user/course/get-progress 204 0.384 ms
2024-07-13T18:25:26.889Z OPTIONS /api/course/65d12645bf8cfcb10766ab4d 204 0.235 ms
2024-07-13T18:25:26.891Z OPTIONS /api/v1/user/course/get-progress 204 0.301 ms
2024-07-13T18:25:26.892Z OPTIONS /api/course/65d12645bf8cfcb10766ab4d 204 0.264 ms
2024-07-13T18:25:27.065Z POST /api/v1/user/course/get-progress 200 164.610 ms
2024-07-13T18:25:27.092Z POST /api/v1/user/course/get-progress 200 198.361 ms
2024-07-13T18:25:27.366Z GET /api/course/65d12645bf8cfcb10766ab4d 200 468.998 ms
2024-07-13T18:25:27.727Z GET /api/course/65d12645bf8cfcb10766ab4d 304 357.114 ms
2024-07-13T18:25:29.157Z OPTIONS /api/v1/user/course/progress 204 0.335 ms
2024-07-13T18:25:30.238Z POST /api/v1/user/course/progress 200 1076.877 ms
2024-07-13T18:25:31.816Z OPTIONS /api/v1/user/your-courses/65d256d28abf563a4bc961f5?timestamp=1720895131800 204 0.206 ms
2024-07-13T18:25:31.818Z OPTIONS /api/v1/user/your-courses/65d256d28abf563a4bc961f5?timestamp=1720895131801 204 0.283 ms
2024-07-13T18:25:33.395Z GET /api/v1/user/your-courses/65d256d28abf563a4bc961f5?timestamp=1720895131801 200 1543.008 ms
2024-07-13T18:25:33.460Z GET /api/v1/user/your-courses/65d256d28abf563a4bc961f5?timestamp=1720895131800 200 1618.933 ms
2024-07-13T18:29:05.766Z OPTIONS /api/v1/user/your-courses/65d256d28abf563a4bc961f5?timestamp=1720895345761 204 0.120 ms
2024-07-13T18:29:06.334Z GET /api/v1/user/your-courses/65d256d28abf563a4bc961f5?timestamp=1720895345761 200 565.801 ms
