2024-07-10T07:26:29.751Z GET /api/v1/admin/custom 401 11.892 ms
2024-07-10T07:26:29.774Z GET /api/v1/admin/custom 401 2.064 ms
2024-07-10T07:26:56.999Z OPTIONS /api/v1/user/login 204 1.204 ms
2024-07-10T07:29:32.258Z OPTIONS /api/v1/user/login 204 6.186 ms
2024-07-10T07:29:33.980Z OPTIONS /api/v1/user/login 204 1.005 ms
2024-07-10T07:29:34.174Z OPTIONS /api/v1/user/login 204 0.491 ms
2024-07-10T07:29:34.361Z OPTIONS /api/v1/user/login 204 0.762 ms
2024-07-10T07:29:34.570Z OPTIONS /api/v1/user/login 204 0.421 ms
2024-07-10T07:29:34.798Z OPTIONS /api/v1/user/login 204 0.653 ms
2024-07-10T07:29:35.243Z OPTIONS /api/v1/user/login 204 0.467 ms
2024-07-10T07:29:35.462Z OPTIONS /api/v1/user/login 204 0.524 ms
2024-07-10T07:29:35.686Z OPTIONS /api/v1/user/login 204 0.299 ms
2024-07-10T07:30:38.943Z OPTIONS /api/v1/user/login 204 1.358 ms
2024-07-10T07:32:23.037Z OPTIONS /api/v1/user/login 204 4.138 ms
2024-07-10T07:32:24.445Z POST /api/v1/user/login 200 1399.024 ms
2024-07-10T07:32:24.769Z GET /api/v1/admin/custom 401 9.036 ms
2024-07-10T07:32:24.810Z GET /api/v1/admin/custom 401 4.340 ms
2024-07-10T07:32:47.630Z GET /api/v1/admin/custom 401 3.620 ms
2024-07-10T07:32:47.765Z GET /api/v1/admin/custom 401 82.634 ms
2024-07-11T17:16:20.766Z GET /api/v1/admin/custom 401 18.742 ms
2024-07-11T17:16:20.791Z GET /api/v1/admin/custom 401 6.705 ms
2024-07-11T17:25:02.774Z GET /api/v1/admin/custom 401 9.239 ms
2024-07-11T17:31:18.048Z GET /api/v1/admin/custom 401 10.766 ms
2024-07-11T17:31:18.054Z GET /api/v1/admin/custom 401 1.596 ms
2024-07-11T17:39:53.339Z OPTIONS /api/v1/admin/teacheruniversalSearch?query= 204 2.531 ms
2024-07-11T17:39:53.344Z OPTIONS /api/v1/admin/teacheruniversalSearch?query= 204 0.572 ms
2024-07-11T17:39:54.369Z GET /api/v1/admin/teacheruniversalSearch?query= 200 1022.724 ms
2024-07-11T17:39:54.587Z GET /api/v1/admin/teacheruniversalSearch?query= 200 214.018 ms
2024-07-11T17:40:15.671Z OPTIONS /api/v1/admin/teacheruniversalSearch?query= 204 0.464 ms
2024-07-11T17:40:15.677Z OPTIONS /api/v1/admin/teacheruniversalSearch?query= 204 0.228 ms
2024-07-11T17:40:16.063Z GET /api/v1/admin/teacheruniversalSearch?query= 200 371.408 ms
2024-07-11T17:40:16.785Z GET /api/v1/admin/teacheruniversalSearch?query= 200 1055.063 ms
2024-07-11T17:44:29.667Z OPTIONS /api/v1/admin/teacheruniversalSearch?query= 204 0.409 ms
2024-07-11T17:44:29.676Z OPTIONS /api/v1/admin/teacheruniversalSearch?query= 204 0.363 ms
2024-07-11T17:44:30.069Z GET /api/v1/admin/teacheruniversalSearch?query= 200 335.414 ms
2024-07-11T17:44:30.097Z GET /api/v1/admin/teacheruniversalSearch?query= 200 403.018 ms
2024-07-11T17:44:36.513Z GET /api/v1/admin/custom 401 0.547 ms
2024-07-11T17:44:36.515Z GET /api/v1/admin/custom 401 0.788 ms
2024-07-11T17:44:45.073Z OPTIONS /api/v1/admin/teacheruniversalSearch?query= 204 0.378 ms
2024-07-11T17:44:45.075Z OPTIONS /api/v1/admin/teacheruniversalSearch?query= 204 0.192 ms
2024-07-11T17:44:45.419Z GET /api/v1/admin/teacheruniversalSearch?query= 200 340.403 ms
2024-07-11T17:44:45.619Z GET /api/v1/admin/teacheruniversalSearch?query= 200 195.082 ms
2024-07-11T18:22:53.975Z GET /api/v1/admin/custom 401 15.920 ms
2024-07-11T18:22:53.980Z GET /api/v1/admin/custom 401 1.318 ms
2024-07-11T18:26:19.738Z GET /api/v1/admin/custom 401 0.535 ms
2024-07-11T18:26:19.742Z GET /api/v1/admin/custom 401 0.634 ms
