2024-07-07T09:59:55.979Z GET /api/v1/teacher/lsitofteachersrequest 304 13121.044 ms
2024-07-07T09:59:59.277Z GET /api/v1/teacher/lsitofteachersrequest 304 3241.323 ms
2024-07-07T10:01:00.724Z GET /api/v1/teacher/lsitofteachersrequest 304 10989.870 ms
2024-07-07T10:01:00.940Z GET /api/v1/teacher/lsitofteachersrequest 304 212.449 ms
2024-07-07T10:01:44.212Z GET /api/v1/admin/custom 304 3194.320 ms
2024-07-07T10:01:46.903Z GET /api/v1/admin/custom 304 2687.026 ms
2024-07-07T10:02:03.667Z GET /api/v1/admin/custom 304 1615.060 ms
2024-07-07T10:02:04.252Z GET /api/v1/admin/custom 304 499.946 ms
2024-07-07T10:02:10.310Z GET /api/v1/admin/query 401 1.528 ms
2024-07-07T10:02:10.365Z GET /api/v1/admin/query 401 1.601 ms
2024-07-07T10:02:35.593Z GET /api/v1/admin/query 401 1.231 ms
2024-07-07T10:02:35.623Z GET /api/v1/admin/query 401 5.289 ms
2024-07-07T10:03:01.569Z OPTIONS /api/v1/user/login 204 2.126 ms
2024-07-07T10:03:02.986Z POST /api/v1/user/login 200 1413.523 ms
2024-07-07T10:03:03.384Z GET /api/v1/admin/custom 304 309.460 ms
2024-07-07T10:03:03.715Z GET /api/v1/admin/custom 304 315.465 ms
2024-07-07T10:03:10.882Z GET /api/v1/admin/custom 304 343.772 ms
2024-07-07T10:03:11.200Z GET /api/v1/admin/custom 304 314.369 ms
2024-07-07T10:03:13.406Z GET /api/v1/admin/query 401 0.912 ms
2024-07-07T10:03:13.417Z GET /api/v1/admin/query 401 1.136 ms
2024-07-07T10:03:42.449Z GET /api/v1/admin/query 401 3.682 ms
2024-07-07T10:03:42.496Z GET /api/v1/admin/query 401 0.841 ms
2024-07-07T10:06:29.231Z GET /api/v1/admin/query 401 0.774 ms
2024-07-07T10:06:39.224Z GET /api/v1/admin/query 401 1.138 ms
2024-07-07T10:06:39.235Z GET /api/v1/admin/query 401 1.686 ms
2024-07-07T10:06:58.208Z OPTIONS /api/v1/admin/query 204 0.420 ms
2024-07-07T10:07:00.210Z OPTIONS /api/v1/admin/query 204 3.006 ms
2024-07-07T10:07:05.507Z GET /api/v1/admin/query - - ms
2024-07-07T10:07:05.508Z GET /api/v1/admin/query - - ms
2024-07-07T10:07:12.556Z OPTIONS /api/v1/admin/query 204 0.788 ms
2024-07-07T10:07:12.569Z OPTIONS /api/v1/admin/query 204 0.780 ms
2024-07-07T10:07:42.570Z GET /api/v1/admin/query 500 30009.199 ms
2024-07-07T10:07:42.586Z GET /api/v1/admin/query 500 30013.542 ms
2024-07-07T10:09:03.073Z OPTIONS /api/v1/admin/query 204 0.647 ms
2024-07-07T10:09:03.359Z OPTIONS /api/v1/admin/query 204 1.100 ms
2024-07-07T10:09:04.467Z GET /api/v1/admin/query 201 792.192 ms
2024-07-07T10:09:04.471Z GET /api/v1/admin/query 201 1263.036 ms
2024-07-07T13:07:06.276Z OPTIONS /api/v1/admin/query 204 3.941 ms
2024-07-07T13:07:06.302Z OPTIONS /api/v1/admin/query 204 1.111 ms
2024-07-07T13:07:06.404Z GET /api/v1/admin/query 201 123.386 ms
2024-07-07T13:07:06.488Z GET /api/v1/admin/query 201 80.751 ms
2024-07-07T13:07:13.390Z OPTIONS /api/v1/teacher/lsitofteachersrequest 204 0.629 ms
2024-07-07T13:07:13.393Z OPTIONS /api/v1/teacher/lsitofteachersrequest 204 0.393 ms
2024-07-07T13:07:13.528Z GET /api/v1/teacher/lsitofteachersrequest 304 95.388 ms
2024-07-07T13:07:13.621Z GET /api/v1/teacher/lsitofteachersrequest 304 85.511 ms
2024-07-07T13:07:19.534Z OPTIONS /api/v1/teacher/lsitofteachersrequest 204 0.311 ms
2024-07-07T13:07:19.629Z GET /api/v1/teacher/lsitofteachersrequest 304 91.073 ms
2024-07-07T13:07:19.718Z GET /api/v1/teacher/lsitofteachersrequest 304 85.152 ms
2024-07-07T13:18:27.212Z OPTIONS /api/v1/teacher/lsitofteachersrequest 204 1.692 ms
2024-07-07T13:18:27.333Z GET /api/v1/teacher/lsitofteachersrequest 304 117.653 ms
2024-07-07T15:21:49.232Z OPTIONS /api/v1/teacher/lsitofteachersrequest 204 3.828 ms
2024-07-07T15:21:49.255Z OPTIONS /api/v1/teacher/lsitofteachersrequest 204 0.532 ms
2024-07-07T15:21:49.486Z GET /api/v1/teacher/lsitofteachersrequest 304 249.002 ms
2024-07-07T15:21:49.590Z GET /api/v1/teacher/lsitofteachersrequest 304 101.663 ms
2024-07-07T15:38:18.842Z GET /api/v1/admin/custom 401 6.085 ms
2024-07-07T15:38:18.852Z GET /api/v1/admin/custom 401 1.701 ms
2024-07-07T15:38:21.482Z GET /api/v1/admin/custom 401 0.837 ms
2024-07-07T15:38:21.491Z GET /api/v1/admin/custom 401 0.781 ms
2024-07-07T15:38:29.531Z GET /api/v1/admin/custom 401 0.591 ms
2024-07-07T15:38:29.537Z GET /api/v1/admin/custom 401 1.094 ms
2024-07-07T15:38:55.760Z OPTIONS /api/v1/user/login 204 0.761 ms
2024-07-07T15:38:56.810Z POST /api/v1/user/login 200 1047.346 ms
2024-07-07T15:38:56.893Z GET /api/v1/admin/custom 401 1.705 ms
2024-07-07T15:38:56.908Z GET /api/v1/admin/custom 401 1.932 ms
2024-07-07T15:38:59.981Z GET /api/v1/teacher/teacher/earnmoney/668a4b30696c62f20781bcb2 304 105.703 ms
2024-07-07T15:39:00.022Z GET /api/v1/teacher/teacher/numberofstudent/668a4b30696c62f20781bcb2 304 163.865 ms
2024-07-07T15:39:00.057Z GET /api/v1/teacher/teacher/noofcourseandcoursewithcategory/668a4b30696c62f20781bcb2 304 188.689 ms
2024-07-07T15:39:00.208Z GET /api/v1/teacher/teacher/earnmoney/668a4b30696c62f20781bcb2 304 220.231 ms
2024-07-07T15:39:00.345Z GET /api/v1/teacher/teacher/numberofstudent/668a4b30696c62f20781bcb2 304 281.919 ms
2024-07-07T15:39:00.358Z GET /api/v1/teacher/teacher/noofcourseandcoursewithcategory/668a4b30696c62f20781bcb2 304 272.920 ms
2024-07-07T15:39:06.185Z GET /api/v1/teacher/teacher/earnmoney/668a4b30696c62f20781bcb2 304 125.988 ms
2024-07-07T15:39:06.240Z GET /api/v1/teacher/teacher/numberofstudent/668a4b30696c62f20781bcb2 304 188.158 ms
2024-07-07T15:39:06.266Z GET /api/v1/teacher/teacher/noofcourseandcoursewithcategory/668a4b30696c62f20781bcb2 304 210.989 ms
2024-07-07T15:39:06.278Z GET /api/v1/teacher/teacher/earnmoney/668a4b30696c62f20781bcb2 304 86.295 ms
2024-07-07T15:39:06.431Z GET /api/v1/teacher/teacher/numberofstudent/668a4b30696c62f20781bcb2 304 187.666 ms
2024-07-07T15:39:06.453Z GET /api/v1/teacher/teacher/noofcourseandcoursewithcategory/668a4b30696c62f20781bcb2 304 172.828 ms
2024-07-07T17:31:51.444Z GET /api/v1/teacher/teacher/earnmoney/668a4b30696c62f20781bcb2 304 1775.722 ms
2024-07-07T17:31:52.656Z GET /api/v1/teacher/teacher/numberofstudent/668a4b30696c62f20781bcb2 304 3023.998 ms
2024-07-07T17:31:52.876Z GET /api/v1/teacher/teacher/noofcourseandcoursewithcategory/668a4b30696c62f20781bcb2 304 3263.592 ms
2024-07-07T17:31:53.046Z GET /api/v1/teacher/teacher/earnmoney/668a4b30696c62f20781bcb2 304 1587.731 ms
2024-07-07T17:31:55.265Z GET /api/v1/admin/custom 401 3.374 ms
2024-07-07T17:31:55.278Z GET /api/v1/admin/custom 401 2.970 ms
2024-07-07T17:31:55.665Z GET /api/v1/teacher/teacher/numberofstudent/668a4b30696c62f20781bcb2 304 2997.833 ms
2024-07-07T17:31:55.848Z GET /api/v1/teacher/teacher/noofcourseandcoursewithcategory/668a4b30696c62f20781bcb2 304 2919.257 ms
2024-07-07T17:33:15.047Z OPTIONS /api/v1/user/login 204 2.042 ms
2024-07-07T17:33:16.305Z POST /api/v1/user/login 200 1253.048 ms
2024-07-07T17:33:16.375Z GET /api/v1/admin/custom 401 0.766 ms
2024-07-07T17:33:16.393Z GET /api/v1/admin/custom 401 1.498 ms
2024-07-07T17:33:18.956Z GET /api/v1/admin/custom 401 1.319 ms
2024-07-07T17:33:18.975Z GET /api/v1/admin/custom 401 2.192 ms
2024-07-07T17:33:25.852Z OPTIONS /api/v1/admin/getpurchases 204 0.337 ms
2024-07-07T17:33:25.855Z OPTIONS /api/v1/admin/getpurchases 204 0.262 ms
2024-07-07T17:33:27.932Z GET /api/v1/admin/getpurchases 200 2074.763 ms
2024-07-07T17:33:29.012Z GET /api/v1/admin/getpurchases 200 1076.188 ms
2024-07-07T17:33:37.840Z OPTIONS /api/v1/admin/allcourses 204 0.410 ms
2024-07-07T17:33:37.842Z OPTIONS /api/v1/admin/allcourses 204 0.360 ms
2024-07-07T17:33:41.274Z GET /api/v1/admin/allcourses 304 3428.079 ms
2024-07-07T17:33:41.508Z OPTIONS /api/v1/admin/getpurchases 204 0.249 ms
2024-07-07T17:33:41.510Z OPTIONS /api/v1/admin/getpurchases 204 0.457 ms
2024-07-07T17:33:44.558Z GET /api/v1/admin/allcourses 304 3280.993 ms
2024-07-07T17:33:45.854Z GET /api/v1/admin/getpurchases 200 4341.095 ms
2024-07-07T17:33:47.722Z GET /api/v1/admin/getpurchases 200 1863.191 ms
2024-07-07T17:34:03.854Z OPTIONS /api/v1/admin/allcourses 204 0.588 ms
2024-07-07T17:34:03.858Z OPTIONS /api/v1/admin/allcourses 204 0.575 ms
2024-07-07T17:34:06.790Z GET /api/v1/admin/allcourses 200 2917.727 ms
2024-07-07T17:34:07.038Z GET /api/v1/admin/allcourses 200 3177.443 ms
2024-07-07T17:34:29.784Z OPTIONS /api/v1/admin/query 204 0.422 ms
2024-07-07T17:34:29.786Z OPTIONS /api/v1/admin/query 204 0.473 ms
2024-07-07T17:34:30.089Z GET /api/v1/admin/query 201 301.710 ms
2024-07-07T17:34:30.461Z GET /api/v1/admin/query 201 366.456 ms
2024-07-07T17:34:34.322Z OPTIONS /api/v1/teacher/lsitofteachersrequest 204 0.305 ms
2024-07-07T17:34:34.469Z GET /api/v1/teacher/lsitofteachersrequest 304 144.447 ms
2024-07-07T17:34:34.632Z GET /api/v1/teacher/lsitofteachersrequest 304 158.798 ms
2024-07-07T17:34:36.319Z OPTIONS /api/v1/admin/universalSearch?query= 204 0.392 ms
2024-07-07T17:34:36.322Z OPTIONS /api/v1/admin/universalSearch?query= 204 0.386 ms
2024-07-07T17:34:38.011Z GET /api/v1/admin/universalSearch?query= 304 1686.843 ms
2024-07-07T17:34:42.724Z GET /api/v1/admin/universalSearch?query= 304 4709.610 ms
2024-07-07T17:36:00.112Z GET /api/v1/admin/custom 401 3.852 ms
2024-07-07T17:36:00.120Z GET /api/v1/admin/custom 401 0.765 ms
2024-07-07T17:36:17.876Z OPTIONS /api/v1/user/login 204 2.376 ms
2024-07-07T17:36:18.964Z POST /api/v1/user/login 200 1083.374 ms
2024-07-07T17:36:19.073Z GET /api/v1/admin/custom 401 1.263 ms
2024-07-07T17:36:19.085Z GET /api/v1/admin/custom 401 0.753 ms
2024-07-07T17:36:22.800Z GET /api/v1/admin/custom 401 1.504 ms
2024-07-07T17:36:22.844Z GET /api/v1/admin/custom 401 1.982 ms
2024-07-07T17:43:27.264Z GET /api/v1/admin/custom 401 13.549 ms
2024-07-07T17:43:27.298Z GET /api/v1/admin/custom 401 3.715 ms
2024-07-07T17:43:56.709Z OPTIONS /api/v1/user/login 204 4.357 ms
2024-07-07T17:43:58.585Z POST /api/v1/user/login 200 1871.988 ms
2024-07-07T17:43:58.666Z GET /api/v1/admin/custom 401 2.241 ms
2024-07-07T17:43:58.681Z GET /api/v1/admin/custom 401 4.026 ms
2024-07-07T17:46:54.673Z OPTIONS /api/v1/user/login 204 5.301 ms
2024-07-07T17:46:55.313Z POST /api/v1/user/login 200 634.307 ms
2024-07-07T17:46:55.437Z GET /api/v1/admin/custom 401 5.205 ms
2024-07-07T17:46:55.453Z GET /api/v1/admin/custom 401 3.976 ms
2024-07-07T17:47:00.987Z GET /api/v1/admin/custom 401 5.572 ms
2024-07-07T17:47:01.000Z GET /api/v1/admin/custom 401 2.579 ms
2024-07-07T17:48:18.423Z OPTIONS /api/v1/admin/getpurchases 204 0.663 ms
2024-07-07T17:48:18.425Z OPTIONS /api/v1/admin/getpurchases 204 0.175 ms
2024-07-07T17:48:18.435Z GET /api/v1/admin/getpurchases 401 1.718 ms
2024-07-07T17:48:18.446Z GET /api/v1/admin/getpurchases 401 2.043 ms
2024-07-07T17:49:21.952Z OPTIONS /api/v1/admin/getpurchases 204 0.409 ms
2024-07-07T17:49:21.962Z GET /api/v1/admin/getpurchases 401 1.479 ms
2024-07-07T17:49:21.966Z OPTIONS /api/v1/admin/getpurchases 204 0.332 ms
2024-07-07T17:49:22.026Z GET /api/v1/admin/getpurchases 401 3.148 ms
2024-07-07T17:51:04.774Z OPTIONS /api/v1/admin/getpurchases 204 4.202 ms
2024-07-07T17:51:04.783Z OPTIONS /api/v1/admin/getpurchases 204 0.874 ms
2024-07-07T17:51:04.801Z GET /api/v1/admin/getpurchases 401 5.278 ms
2024-07-07T17:51:04.874Z GET /api/v1/admin/getpurchases 401 1.902 ms
2024-07-07T17:56:38.343Z GET /api/v1/admin/custom 401 14.279 ms
2024-07-07T17:56:38.410Z GET /api/v1/admin/custom 401 11.725 ms
2024-07-07T17:57:20.514Z OPTIONS /api/v1/user/login 204 1.240 ms
2024-07-07T17:57:21.077Z POST /api/v1/user/login 200 560.245 ms
2024-07-07T17:57:21.298Z GET /api/v1/admin/custom 401 8.938 ms
2024-07-07T17:57:21.346Z GET /api/v1/admin/custom 401 9.535 ms
2024-07-07T17:58:19.408Z GET /api/v1/admin/custom 401 7.743 ms
2024-07-07T17:58:19.444Z GET /api/v1/admin/custom 401 7.238 ms
2024-07-07T18:04:58.583Z GET /api/v1/admin/custom 401 20.928 ms
2024-07-07T18:04:58.605Z GET /api/v1/admin/custom 401 8.110 ms
2024-07-07T18:12:32.181Z GET /api/v1/admin/custom 401 7.858 ms
2024-07-07T18:12:32.270Z GET /api/v1/admin/custom 401 80.679 ms
2024-07-07T18:26:33.279Z GET /api/v1/admin/custom 401 22.416 ms
2024-07-07T18:26:33.307Z GET /api/v1/admin/custom 401 3.556 ms
2024-07-07T18:27:48.065Z GET /api/v1/admin/custom 401 12.454 ms
2024-07-07T18:27:48.099Z GET /api/v1/admin/custom 401 2.801 ms
