2024-07-07T09:59:55.979Z GET /api/v1/teacher/lsitofteachersrequest 304 13121.044 ms
2024-07-07T09:59:59.277Z GET /api/v1/teacher/lsitofteachersrequest 304 3241.323 ms
2024-07-07T10:01:00.724Z GET /api/v1/teacher/lsitofteachersrequest 304 10989.870 ms
2024-07-07T10:01:00.940Z GET /api/v1/teacher/lsitofteachersrequest 304 212.449 ms
2024-07-07T10:01:44.212Z GET /api/v1/admin/custom 304 3194.320 ms
2024-07-07T10:01:46.903Z GET /api/v1/admin/custom 304 2687.026 ms
2024-07-07T10:02:03.667Z GET /api/v1/admin/custom 304 1615.060 ms
2024-07-07T10:02:04.252Z GET /api/v1/admin/custom 304 499.946 ms
2024-07-07T10:02:10.310Z GET /api/v1/admin/query 401 1.528 ms
2024-07-07T10:02:10.365Z GET /api/v1/admin/query 401 1.601 ms
2024-07-07T10:02:35.593Z GET /api/v1/admin/query 401 1.231 ms
2024-07-07T10:02:35.623Z GET /api/v1/admin/query 401 5.289 ms
2024-07-07T10:03:01.569Z OPTIONS /api/v1/user/login 204 2.126 ms
2024-07-07T10:03:02.986Z POST /api/v1/user/login 200 1413.523 ms
2024-07-07T10:03:03.384Z GET /api/v1/admin/custom 304 309.460 ms
2024-07-07T10:03:03.715Z GET /api/v1/admin/custom 304 315.465 ms
2024-07-07T10:03:10.882Z GET /api/v1/admin/custom 304 343.772 ms
2024-07-07T10:03:11.200Z GET /api/v1/admin/custom 304 314.369 ms
2024-07-07T10:03:13.406Z GET /api/v1/admin/query 401 0.912 ms
2024-07-07T10:03:13.417Z GET /api/v1/admin/query 401 1.136 ms
2024-07-07T10:03:42.449Z GET /api/v1/admin/query 401 3.682 ms
2024-07-07T10:03:42.496Z GET /api/v1/admin/query 401 0.841 ms
2024-07-07T10:06:29.231Z GET /api/v1/admin/query 401 0.774 ms
2024-07-07T10:06:39.224Z GET /api/v1/admin/query 401 1.138 ms
2024-07-07T10:06:39.235Z GET /api/v1/admin/query 401 1.686 ms
2024-07-07T10:06:58.208Z OPTIONS /api/v1/admin/query 204 0.420 ms
2024-07-07T10:07:00.210Z OPTIONS /api/v1/admin/query 204 3.006 ms
2024-07-07T10:07:05.507Z GET /api/v1/admin/query - - ms
2024-07-07T10:07:05.508Z GET /api/v1/admin/query - - ms
2024-07-07T10:07:12.556Z OPTIONS /api/v1/admin/query 204 0.788 ms
2024-07-07T10:07:12.569Z OPTIONS /api/v1/admin/query 204 0.780 ms
2024-07-07T10:07:42.570Z GET /api/v1/admin/query 500 30009.199 ms
2024-07-07T10:07:42.586Z GET /api/v1/admin/query 500 30013.542 ms
2024-07-07T10:09:03.073Z OPTIONS /api/v1/admin/query 204 0.647 ms
2024-07-07T10:09:03.359Z OPTIONS /api/v1/admin/query 204 1.100 ms
2024-07-07T10:09:04.467Z GET /api/v1/admin/query 201 792.192 ms
2024-07-07T10:09:04.471Z GET /api/v1/admin/query 201 1263.036 ms
2024-07-07T13:07:06.276Z OPTIONS /api/v1/admin/query 204 3.941 ms
2024-07-07T13:07:06.302Z OPTIONS /api/v1/admin/query 204 1.111 ms
2024-07-07T13:07:06.404Z GET /api/v1/admin/query 201 123.386 ms
2024-07-07T13:07:06.488Z GET /api/v1/admin/query 201 80.751 ms
2024-07-07T13:07:13.390Z OPTIONS /api/v1/teacher/lsitofteachersrequest 204 0.629 ms
2024-07-07T13:07:13.393Z OPTIONS /api/v1/teacher/lsitofteachersrequest 204 0.393 ms
2024-07-07T13:07:13.528Z GET /api/v1/teacher/lsitofteachersrequest 304 95.388 ms
2024-07-07T13:07:13.621Z GET /api/v1/teacher/lsitofteachersrequest 304 85.511 ms
2024-07-07T13:07:19.534Z OPTIONS /api/v1/teacher/lsitofteachersrequest 204 0.311 ms
2024-07-07T13:07:19.629Z GET /api/v1/teacher/lsitofteachersrequest 304 91.073 ms
2024-07-07T13:07:19.718Z GET /api/v1/teacher/lsitofteachersrequest 304 85.152 ms
2024-07-07T13:18:27.212Z OPTIONS /api/v1/teacher/lsitofteachersrequest 204 1.692 ms
2024-07-07T13:18:27.333Z GET /api/v1/teacher/lsitofteachersrequest 304 117.653 ms
2024-07-07T15:21:49.232Z OPTIONS /api/v1/teacher/lsitofteachersrequest 204 3.828 ms
2024-07-07T15:21:49.255Z OPTIONS /api/v1/teacher/lsitofteachersrequest 204 0.532 ms
2024-07-07T15:21:49.486Z GET /api/v1/teacher/lsitofteachersrequest 304 249.002 ms
2024-07-07T15:21:49.590Z GET /api/v1/teacher/lsitofteachersrequest 304 101.663 ms
2024-07-07T15:38:18.842Z GET /api/v1/admin/custom 401 6.085 ms
2024-07-07T15:38:18.852Z GET /api/v1/admin/custom 401 1.701 ms
2024-07-07T15:38:21.482Z GET /api/v1/admin/custom 401 0.837 ms
2024-07-07T15:38:21.491Z GET /api/v1/admin/custom 401 0.781 ms
2024-07-07T15:38:29.531Z GET /api/v1/admin/custom 401 0.591 ms
2024-07-07T15:38:29.537Z GET /api/v1/admin/custom 401 1.094 ms
2024-07-07T15:38:55.760Z OPTIONS /api/v1/user/login 204 0.761 ms
2024-07-07T15:38:56.810Z POST /api/v1/user/login 200 1047.346 ms
2024-07-07T15:38:56.893Z GET /api/v1/admin/custom 401 1.705 ms
2024-07-07T15:38:56.908Z GET /api/v1/admin/custom 401 1.932 ms
2024-07-07T15:38:59.981Z GET /api/v1/teacher/teacher/earnmoney/668a4b30696c62f20781bcb2 304 105.703 ms
2024-07-07T15:39:00.022Z GET /api/v1/teacher/teacher/numberofstudent/668a4b30696c62f20781bcb2 304 163.865 ms
2024-07-07T15:39:00.057Z GET /api/v1/teacher/teacher/noofcourseandcoursewithcategory/668a4b30696c62f20781bcb2 304 188.689 ms
2024-07-07T15:39:00.208Z GET /api/v1/teacher/teacher/earnmoney/668a4b30696c62f20781bcb2 304 220.231 ms
2024-07-07T15:39:00.345Z GET /api/v1/teacher/teacher/numberofstudent/668a4b30696c62f20781bcb2 304 281.919 ms
2024-07-07T15:39:00.358Z GET /api/v1/teacher/teacher/noofcourseandcoursewithcategory/668a4b30696c62f20781bcb2 304 272.920 ms
2024-07-07T15:39:06.185Z GET /api/v1/teacher/teacher/earnmoney/668a4b30696c62f20781bcb2 304 125.988 ms
2024-07-07T15:39:06.240Z GET /api/v1/teacher/teacher/numberofstudent/668a4b30696c62f20781bcb2 304 188.158 ms
2024-07-07T15:39:06.266Z GET /api/v1/teacher/teacher/noofcourseandcoursewithcategory/668a4b30696c62f20781bcb2 304 210.989 ms
2024-07-07T15:39:06.278Z GET /api/v1/teacher/teacher/earnmoney/668a4b30696c62f20781bcb2 304 86.295 ms
2024-07-07T15:39:06.431Z GET /api/v1/teacher/teacher/numberofstudent/668a4b30696c62f20781bcb2 304 187.666 ms
2024-07-07T15:39:06.453Z GET /api/v1/teacher/teacher/noofcourseandcoursewithcategory/668a4b30696c62f20781bcb2 304 172.828 ms
