2024-07-07T05:50:46.856Z GET /api/v1/admin/custom 200 525.780 ms
2024-07-07T05:50:48.144Z GET /api/v1/admin/custom 304 1255.518 ms
2024-07-07T05:51:01.495Z GET /api/v1/admin/allcourses?search= 200 440.357 ms
2024-07-07T05:51:02.088Z GET /images/cover/kievfaryxphrvishgtmx 404 46.849 ms
2024-07-07T05:51:02.119Z GET /images/cover/qdcxf2vlusharszk1zk5 404 0.838 ms
2024-07-07T05:51:02.139Z GET /images/1712309606203.jpg 200 97.303 ms
2024-07-07T05:51:02.285Z GET /api/v1/admin/allcourses?search= 304 785.040 ms
2024-07-07T05:51:22.890Z OPTIONS /api/course/get-comments 204 1.317 ms
2024-07-07T05:51:22.893Z OPTIONS /api/course/get-comments 204 0.333 ms
2024-07-07T05:51:23.486Z GET /api/course/getCourseRating/65d7c494c44cec15f9adf359 200 617.103 ms
2024-07-07T05:51:23.943Z POST /api/course/get-comments 200 1044.471 ms
2024-07-07T05:51:24.069Z POST /api/course/get-comments 200 603.041 ms
2024-07-07T05:51:24.107Z GET /api/course/getCourseRating/65d7c494c44cec15f9adf359 304 566.595 ms
2024-07-07T05:51:24.459Z GET /api/course/description/65d7c494c44cec15f9adf359 200 1574.057 ms
2024-07-07T05:51:24.830Z GET /api/course/description/65d7c494c44cec15f9adf359 304 365.034 ms
2024-07-07T05:51:55.273Z GET /api/v1/user/instructorData 200 723.954 ms
2024-07-07T05:51:57.237Z GET /api/v1/user/instructorData 304 1961.415 ms
2024-07-07T05:52:34.726Z GET /api/v1/admin/custom 304 4790.215 ms
2024-07-07T05:52:35.464Z GET /api/v1/admin/custom 304 734.782 ms
2024-07-07T05:53:01.751Z GET /api/v1/admin/custom 304 404.128 ms
2024-07-07T05:53:02.126Z GET /api/v1/admin/custom 304 371.441 ms
2024-07-07T05:55:43.232Z GET /api/v1/user/instructorData 304 703.651 ms
2024-07-07T05:55:43.802Z GET /api/v1/user/instructorData 304 565.291 ms
2024-07-07T06:48:06.956Z GET /api/v1/user/instructorData 304 335.191 ms
2024-07-07T06:48:07.165Z GET /api/v1/user/instructorData 304 181.634 ms
2024-07-07T06:49:39.626Z OPTIONS /api/v1/user/login 204 7.000 ms
2024-07-07T06:49:42.301Z POST /api/v1/user/login 501 2664.249 ms
2024-07-07T07:00:48.271Z OPTIONS /api/v1/user/login 204 1.446 ms
2024-07-07T07:00:48.723Z POST /api/v1/user/login 501 446.704 ms
2024-07-07T07:02:34.515Z OPTIONS /api/v1/user/login 204 0.717 ms
2024-07-07T07:02:34.967Z POST /api/v1/user/login 200 448.032 ms
2024-07-07T07:02:35.548Z GET /api/v1/admin/custom 200 459.956 ms
2024-07-07T07:02:35.557Z GET /api/v1/admin/custom 200 458.476 ms
2024-07-07T07:02:46.168Z OPTIONS /api/v1/user/your-courses/65d256d28abf563a4bc961f5?timestamp=1720335766164 204 0.260 ms
2024-07-07T07:02:46.173Z OPTIONS /api/v1/user/your-courses/65d256d28abf563a4bc961f5?timestamp=1720335766165 204 0.505 ms
2024-07-07T07:02:46.456Z GET /api/v1/user/your-courses/65d256d28abf563a4bc961f5?timestamp=1720335766164 200 279.676 ms
2024-07-07T07:02:46.513Z GET /api/v1/user/your-courses/65d256d28abf563a4bc961f5?timestamp=1720335766165 200 323.804 ms
2024-07-07T07:02:49.671Z OPTIONS /api/v1/user/your-courses/65d256d28abf563a4bc961f5 204 0.275 ms
2024-07-07T07:02:49.673Z OPTIONS /api/v1/user/studenteditprofile/65d256d28abf563a4bc961f5 204 0.221 ms
2024-07-07T07:02:49.675Z OPTIONS /api/v1/user/studenteditprofile/65d256d28abf563a4bc961f5 204 0.245 ms
2024-07-07T07:02:49.718Z GET /api/v1/user/studenteditprofile/65d256d28abf563a4bc961f5 404 5.150 ms
2024-07-07T07:02:49.723Z GET /api/v1/user/studenteditprofile/65d256d28abf563a4bc961f5 404 2.428 ms
2024-07-07T07:02:49.949Z GET /api/v1/user/your-courses/65d256d28abf563a4bc961f5 200 260.200 ms
2024-07-07T07:02:50.358Z GET /api/v1/user/your-courses/65d256d28abf563a4bc961f5 304 401.002 ms
2024-07-07T07:02:54.243Z OPTIONS /api/v1/user/your-courses/65d256d28abf563a4bc961f5?timestamp=1720335774234 204 0.933 ms
2024-07-07T07:02:54.248Z OPTIONS /api/v1/user/your-courses/65d256d28abf563a4bc961f5?timestamp=1720335774236 204 1.312 ms
2024-07-07T07:02:54.494Z GET /api/v1/user/your-courses/65d256d28abf563a4bc961f5?timestamp=1720335774234 200 243.741 ms
2024-07-07T07:02:54.558Z GET /api/v1/user/your-courses/65d256d28abf563a4bc961f5?timestamp=1720335774236 200 297.012 ms
2024-07-07T07:03:09.187Z OPTIONS /api/v1/user/course/get-progress 204 0.609 ms
2024-07-07T07:03:09.190Z OPTIONS /api/course/65d12645bf8cfcb10766ab4d 204 0.684 ms
2024-07-07T07:03:09.192Z OPTIONS /api/v1/user/course/get-progress 204 1.000 ms
2024-07-07T07:03:09.194Z OPTIONS /api/course/65d12645bf8cfcb10766ab4d 204 0.408 ms
2024-07-07T07:03:09.256Z POST /api/v1/user/course/get-progress 200 59.507 ms
2024-07-07T07:03:09.278Z POST /api/v1/user/course/get-progress 200 73.406 ms
2024-07-07T07:03:09.368Z GET /api/course/65d12645bf8cfcb10766ab4d 200 156.700 ms
2024-07-07T07:03:09.493Z GET /api/course/65d12645bf8cfcb10766ab4d 304 120.862 ms
2024-07-07T07:03:20.813Z OPTIONS /api/v1/user/course/progress 204 0.469 ms
2024-07-07T07:03:21.026Z POST /api/v1/user/course/progress 200 210.628 ms
2024-07-07T07:03:28.920Z OPTIONS /api/v1/user/your-courses/65d256d28abf563a4bc961f5?timestamp=1720335808918 204 0.516 ms
2024-07-07T07:03:28.923Z OPTIONS /api/v1/user/your-courses/65d256d28abf563a4bc961f5?timestamp=1720335808919 204 0.434 ms
2024-07-07T07:03:29.176Z GET /api/v1/user/your-courses/65d256d28abf563a4bc961f5?timestamp=1720335808918 200 250.530 ms
2024-07-07T07:03:29.228Z GET /api/v1/user/your-courses/65d256d28abf563a4bc961f5?timestamp=1720335808919 200 293.416 ms
2024-07-07T07:03:43.969Z GET /api/v1/admin/custom 304 203.745 ms
2024-07-07T07:03:44.136Z GET /api/v1/admin/custom 304 162.437 ms
2024-07-07T07:03:47.583Z OPTIONS /api/v1/user/your-courses/65d256d28abf563a4bc961f5?timestamp=1720335827565 204 0.761 ms
2024-07-07T07:03:47.588Z OPTIONS /api/v1/user/your-courses/65d256d28abf563a4bc961f5?timestamp=1720335827566 204 0.479 ms
2024-07-07T07:03:47.858Z GET /api/v1/user/your-courses/65d256d28abf563a4bc961f5?timestamp=1720335827565 200 255.334 ms
2024-07-07T07:03:47.900Z GET /api/v1/user/your-courses/65d256d28abf563a4bc961f5?timestamp=1720335827566 200 287.579 ms
2024-07-07T07:03:49.402Z OPTIONS /api/v1/user/your-courses/65d256d28abf563a4bc961f5 204 0.330 ms
2024-07-07T07:03:49.406Z OPTIONS /api/v1/user/studenteditprofile/65d256d28abf563a4bc961f5 204 0.667 ms
2024-07-07T07:03:49.409Z OPTIONS /api/v1/user/your-courses/65d256d28abf563a4bc961f5 204 0.240 ms
2024-07-07T07:03:49.410Z OPTIONS /api/v1/user/studenteditprofile/65d256d28abf563a4bc961f5 204 0.323 ms
2024-07-07T07:03:49.425Z GET /api/v1/user/studenteditprofile/65d256d28abf563a4bc961f5 404 1.775 ms
2024-07-07T07:03:49.429Z GET /api/v1/user/studenteditprofile/65d256d28abf563a4bc961f5 404 0.569 ms
2024-07-07T07:03:49.668Z GET /api/v1/user/your-courses/65d256d28abf563a4bc961f5 200 255.059 ms
2024-07-07T07:03:49.920Z GET /api/v1/user/your-courses/65d256d28abf563a4bc961f5 304 245.050 ms
2024-07-07T07:04:01.714Z OPTIONS /api/v1/user/your-courses/65d256d28abf563a4bc961f5?timestamp=1720335841699 204 0.580 ms
2024-07-07T07:04:01.716Z OPTIONS /api/v1/user/your-courses/65d256d28abf563a4bc961f5?timestamp=1720335841701 204 0.515 ms
2024-07-07T07:04:01.956Z GET /api/v1/user/your-courses/65d256d28abf563a4bc961f5?timestamp=1720335841699 200 234.165 ms
2024-07-07T07:04:02.003Z GET /api/v1/user/your-courses/65d256d28abf563a4bc961f5?timestamp=1720335841701 200 274.448 ms
2024-07-07T07:04:03.590Z OPTIONS /api/v1/user/your-courses/65d256d28abf563a4bc961f5 204 0.903 ms
2024-07-07T07:04:03.593Z OPTIONS /api/v1/user/studenteditprofile/65d256d28abf563a4bc961f5 204 0.801 ms
2024-07-07T07:04:03.597Z OPTIONS /api/v1/user/your-courses/65d256d28abf563a4bc961f5 204 0.280 ms
2024-07-07T07:04:03.599Z OPTIONS /api/v1/user/studenteditprofile/65d256d28abf563a4bc961f5 204 0.304 ms
2024-07-07T07:04:03.608Z GET /api/v1/user/studenteditprofile/65d256d28abf563a4bc961f5 404 7.877 ms
2024-07-07T07:04:03.610Z GET /api/v1/user/studenteditprofile/65d256d28abf563a4bc961f5 404 0.546 ms
2024-07-07T07:04:03.844Z GET /api/v1/user/your-courses/65d256d28abf563a4bc961f5 304 242.830 ms
2024-07-07T07:04:04.090Z GET /api/v1/user/your-courses/65d256d28abf563a4bc961f5 304 242.369 ms
2024-07-07T07:04:06.609Z GET /api/v1/admin/allcourses?search= 200 327.254 ms
2024-07-07T07:04:06.788Z GET /api/v1/admin/allcourses?search= 304 174.550 ms
2024-07-07T07:04:07.105Z GET /images/cover/kievfaryxphrvishgtmx 404 56.149 ms
2024-07-07T07:04:07.109Z GET /images/cover/qdcxf2vlusharszk1zk5 404 60.401 ms
2024-07-07T07:04:07.235Z GET /images/1712309606203.jpg 200 185.880 ms
2024-07-07T07:04:09.792Z OPTIONS /api/course/get-comments 204 0.358 ms
2024-07-07T07:04:09.794Z OPTIONS /api/course/get-comments 204 0.315 ms
2024-07-07T07:04:09.915Z GET /api/course/getCourseRating/65d278b7342ef66267b5bb9b 200 128.904 ms
2024-07-07T07:04:10.018Z GET /api/course/getCourseRating/65d278b7342ef66267b5bb9b 304 97.907 ms
2024-07-07T07:04:10.025Z POST /api/course/get-comments 200 217.825 ms
2024-07-07T07:04:10.031Z POST /api/course/get-comments 200 229.656 ms
2024-07-07T07:04:10.178Z GET /api/course/description/65d278b7342ef66267b5bb9b 200 387.180 ms
2024-07-07T07:04:10.352Z GET /api/course/description/65d278b7342ef66267b5bb9b 304 170.474 ms
2024-07-07T07:04:14.538Z OPTIONS /api/v1/user/add-to-wl 204 0.347 ms
2024-07-07T07:04:14.672Z POST /api/v1/user/add-to-wl 200 130.793 ms
2024-07-07T07:04:19.912Z OPTIONS /api/v1/user/your-courses/65d256d28abf563a4bc961f5?timestamp=1720335859903 204 0.334 ms
2024-07-07T07:04:19.914Z OPTIONS /api/v1/user/your-courses/65d256d28abf563a4bc961f5?timestamp=1720335859904 204 0.375 ms
2024-07-07T07:04:20.143Z GET /api/v1/user/your-courses/65d256d28abf563a4bc961f5?timestamp=1720335859903 200 226.369 ms
2024-07-07T07:04:20.187Z GET /api/v1/user/your-courses/65d256d28abf563a4bc961f5?timestamp=1720335859904 200 262.392 ms
2024-07-07T07:04:25.741Z GET /api/v1/admin/custom 304 161.340 ms
2024-07-07T07:04:25.914Z GET /api/v1/admin/custom 304 170.040 ms
2024-07-07T07:04:28.891Z GET /api/v1/admin/allcourses?search= 304 167.274 ms
2024-07-07T07:04:29.062Z GET /api/v1/admin/allcourses?search= 304 167.296 ms
2024-07-07T07:04:29.217Z GET /images/cover/kievfaryxphrvishgtmx 404 2.853 ms
2024-07-07T07:04:29.218Z GET /images/cover/qdcxf2vlusharszk1zk5 404 3.418 ms
2024-07-07T07:04:29.219Z GET /images/1712309606203.jpg 304 3.647 ms
2024-07-07T07:04:32.439Z OPTIONS /api/course/get-comments 204 0.252 ms
2024-07-07T07:04:32.441Z OPTIONS /api/course/get-comments 204 0.239 ms
2024-07-07T07:04:32.479Z GET /api/course/getCourseRating/65d7bfcef6e43a005af95bb5 200 49.284 ms
2024-07-07T07:04:32.529Z GET /api/course/getCourseRating/65d7bfcef6e43a005af95bb5 304 44.526 ms
2024-07-07T07:04:32.545Z POST /api/course/get-comments 200 102.886 ms
2024-07-07T07:04:32.555Z POST /api/course/get-comments 200 108.885 ms
2024-07-07T07:04:32.688Z GET /api/course/description/65d7bfcef6e43a005af95bb5 200 250.538 ms
2024-07-07T07:04:32.853Z GET /api/course/description/65d7bfcef6e43a005af95bb5 304 160.703 ms
2024-07-07T07:04:35.922Z OPTIONS /api/v1/user/add-to-wl 204 0.484 ms
2024-07-07T07:04:36.036Z POST /api/v1/user/add-to-wl 200 110.825 ms
2024-07-07T07:04:39.821Z OPTIONS /api/v1/user/your-courses/65d256d28abf563a4bc961f5?timestamp=1720335879803 204 0.498 ms
2024-07-07T07:04:39.823Z OPTIONS /api/v1/user/your-courses/65d256d28abf563a4bc961f5?timestamp=1720335879804 204 0.374 ms
2024-07-07T07:04:40.079Z GET /api/v1/user/your-courses/65d256d28abf563a4bc961f5?timestamp=1720335879804 200 244.988 ms
2024-07-07T07:04:40.108Z GET /api/v1/user/your-courses/65d256d28abf563a4bc961f5?timestamp=1720335879803 200 281.370 ms
2024-07-07T07:04:45.255Z GET /api/course/description/65d278b7342ef66267b5bb9b 304 165.333 ms
2024-07-07T07:04:45.421Z GET /api/course/description/65d278b7342ef66267b5bb9b 304 162.254 ms
2024-07-07T07:04:47.898Z OPTIONS /api/create-order 204 0.326 ms
2024-07-07T07:04:50.027Z POST /api/create-order 200 2125.678 ms
2024-07-07T07:05:24.332Z OPTIONS /api/v1/user/purchase 204 0.386 ms
2024-07-07T07:05:24.538Z POST /api/v1/user/purchase 200 203.505 ms
2024-07-07T07:05:24.750Z GET /api/v1/admin/custom 304 161.006 ms
2024-07-07T07:05:24.926Z GET /api/v1/admin/custom 304 170.177 ms
2024-07-07T07:05:28.823Z OPTIONS /api/v1/user/your-courses/65d256d28abf563a4bc961f5?timestamp=1720335928802 204 0.486 ms
2024-07-07T07:05:28.826Z OPTIONS /api/v1/user/your-courses/65d256d28abf563a4bc961f5?timestamp=1720335928812 204 0.476 ms
2024-07-07T07:05:29.080Z GET /api/v1/user/your-courses/65d256d28abf563a4bc961f5?timestamp=1720335928802 200 251.299 ms
2024-07-07T07:05:29.148Z GET /api/v1/user/your-courses/65d256d28abf563a4bc961f5?timestamp=1720335928812 200 305.686 ms
2024-07-07T07:05:35.961Z OPTIONS /api/v1/user/course/get-progress 204 0.202 ms
2024-07-07T07:05:35.985Z OPTIONS /api/course/65d278b7342ef66267b5bb9b 204 0.305 ms
2024-07-07T07:05:35.989Z OPTIONS /api/course/65d278b7342ef66267b5bb9b 204 0.430 ms
2024-07-07T07:05:36.051Z POST /api/v1/user/course/get-progress 200 72.749 ms
2024-07-07T07:05:36.071Z POST /api/v1/user/course/get-progress 200 103.159 ms
2024-07-07T07:05:36.127Z GET /api/course/65d278b7342ef66267b5bb9b 200 135.857 ms
2024-07-07T07:05:36.256Z GET /api/course/65d278b7342ef66267b5bb9b 304 124.022 ms
2024-07-07T07:05:38.791Z OPTIONS /api/v1/user/course/progress 204 0.646 ms
2024-07-07T07:05:39.074Z POST /api/v1/user/course/progress 200 278.285 ms
2024-07-07T07:06:13.268Z OPTIONS /api/v1/user/course/progress 204 0.552 ms
2024-07-07T07:06:13.430Z POST /api/v1/user/course/progress 200 156.286 ms
2024-07-07T07:06:29.891Z OPTIONS /api/v1/user/course/progress 204 0.245 ms
2024-07-07T07:06:30.066Z POST /api/v1/user/course/progress 200 171.236 ms
2024-07-07T07:06:40.969Z OPTIONS /api/v1/user/your-courses/65d256d28abf563a4bc961f5?timestamp=1720336000966 204 0.388 ms
2024-07-07T07:06:40.972Z OPTIONS /api/v1/user/your-courses/65d256d28abf563a4bc961f5?timestamp=1720336000967 204 0.630 ms
2024-07-07T07:06:41.233Z GET /api/v1/user/your-courses/65d256d28abf563a4bc961f5?timestamp=1720336000966 200 257.939 ms
2024-07-07T07:06:41.327Z GET /api/v1/user/your-courses/65d256d28abf563a4bc961f5?timestamp=1720336000967 200 345.438 ms
2024-07-07T07:06:58.223Z OPTIONS /api/v1/user/your-courses/65d256d28abf563a4bc961f5 204 0.813 ms
2024-07-07T07:06:58.226Z OPTIONS /api/v1/user/studenteditprofile/65d256d28abf563a4bc961f5 204 0.400 ms
2024-07-07T07:06:58.228Z OPTIONS /api/v1/user/your-courses/65d256d28abf563a4bc961f5 204 0.329 ms
2024-07-07T07:06:58.229Z OPTIONS /api/v1/user/studenteditprofile/65d256d28abf563a4bc961f5 204 0.205 ms
2024-07-07T07:06:58.243Z GET /api/v1/user/studenteditprofile/65d256d28abf563a4bc961f5 404 1.860 ms
2024-07-07T07:06:58.247Z GET /api/v1/user/studenteditprofile/65d256d28abf563a4bc961f5 404 1.026 ms
2024-07-07T07:06:58.467Z GET /api/v1/user/your-courses/65d256d28abf563a4bc961f5 200 232.877 ms
2024-07-07T07:06:58.733Z GET /api/v1/user/your-courses/65d256d28abf563a4bc961f5 304 263.280 ms
2024-07-07T07:07:00.680Z OPTIONS /api/v1/user/your-courses/65d256d28abf563a4bc961f5?timestamp=1720336020674 204 0.809 ms
2024-07-07T07:07:00.683Z OPTIONS /api/v1/user/your-courses/65d256d28abf563a4bc961f5?timestamp=1720336020676 204 0.531 ms
2024-07-07T07:07:00.999Z GET /api/v1/user/your-courses/65d256d28abf563a4bc961f5?timestamp=1720336020674 200 312.561 ms
2024-07-07T07:07:01.085Z GET /api/v1/user/your-courses/65d256d28abf563a4bc961f5?timestamp=1720336020676 200 389.494 ms
2024-07-07T07:07:26.520Z GET /api/v1/admin/custom 304 161.752 ms
2024-07-07T07:07:26.703Z GET /api/v1/admin/custom 304 180.857 ms
2024-07-07T07:07:35.249Z GET /api/v1/admin/allcourses?search= 304 241.232 ms
2024-07-07T07:07:35.422Z GET /api/v1/admin/allcourses?search= 304 171.436 ms
2024-07-07T07:07:35.595Z GET /images/1712309606203.jpg 304 1.487 ms
2024-07-07T07:07:35.596Z GET /images/cover/kievfaryxphrvishgtmx 404 3.874 ms
2024-07-07T07:07:35.597Z GET /images/cover/qdcxf2vlusharszk1zk5 404 4.168 ms
2024-07-07T07:10:27.391Z GET /api/v1/admin/custom 304 160.847 ms
2024-07-07T07:10:27.555Z GET /api/v1/admin/custom 304 160.977 ms
2024-07-07T07:10:53.352Z OPTIONS /api/v1/user/login 204 0.787 ms
2024-07-07T07:10:53.519Z POST /api/v1/user/login 404 163.410 ms
2024-07-07T07:11:09.124Z OPTIONS /api/v1/user/login 204 0.410 ms
2024-07-07T07:11:09.258Z POST /api/v1/user/login 404 130.280 ms
2024-07-07T07:16:31.620Z OPTIONS /api/v1/user/login 204 2.749 ms
2024-07-07T07:16:32.658Z POST /api/v1/user/login 404 1033.205 ms
2024-07-07T07:22:57.325Z GET /api/v1/admin/allcourses?search= 304 414.922 ms
2024-07-07T07:22:57.550Z GET /api/v1/admin/allcourses?search= 304 221.145 ms
2024-07-07T07:22:57.691Z GET /images/1712309606203.jpg 304 3.761 ms
2024-07-07T07:22:57.695Z GET /images/cover/kievfaryxphrvishgtmx 404 11.148 ms
2024-07-07T07:22:57.697Z GET /images/cover/qdcxf2vlusharszk1zk5 404 10.236 ms
2024-07-07T07:41:14.828Z GET /api/v1/admin/allcourses?search= 304 1251.126 ms
2024-07-07T07:41:15.010Z GET /api/v1/admin/allcourses?search= 304 178.505 ms
2024-07-07T07:41:15.030Z GET /images/1712309606203.jpg 304 2.506 ms
2024-07-07T07:41:15.254Z GET /images/cover/kievfaryxphrvishgtmx 404 5.520 ms
2024-07-07T07:41:15.258Z GET /images/cover/qdcxf2vlusharszk1zk5 404 2.273 ms
2024-07-07T08:00:48.175Z OPTIONS /api/v1/teacher/register 204 1.255 ms
2024-07-07T08:00:48.897Z POST /api/v1/teacher/register 201 720.278 ms
2024-07-07T08:00:49.463Z GET /api/v1/admin/custom 304 497.011 ms
2024-07-07T08:00:49.945Z GET /api/v1/admin/custom 304 475.659 ms
2024-07-07T08:01:06.575Z GET /api/v1/admin/custom 304 773.221 ms
2024-07-07T08:01:07.026Z GET /api/v1/admin/custom 304 447.858 ms
2024-07-07T08:01:16.993Z GET /api/v1/admin/allcourses 200 197.786 ms
2024-07-07T08:01:17.221Z GET /api/v1/admin/allcourses 304 225.384 ms
2024-07-07T08:01:19.243Z GET /api/v1/admin/getpurchases 200 256.532 ms
2024-07-07T08:01:19.457Z GET /api/v1/admin/getpurchases 200 211.440 ms
2024-07-07T08:01:33.366Z GET /api/v1/admin/allcourses 304 225.975 ms
2024-07-07T08:01:33.585Z GET /api/v1/admin/allcourses 304 215.727 ms
2024-07-07T08:01:35.192Z GET /api/v1/admin/allcategories 200 114.631 ms
2024-07-07T08:01:35.282Z GET /api/v1/admin/allcategories 304 87.099 ms
2024-07-07T08:01:35.409Z GET /api/v1/admin/allcategories 304 124.051 ms
2024-07-07T08:01:35.609Z GET /api/v1/admin/allcategories 304 195.857 ms
2024-07-07T08:01:35.743Z GET /api/v1/admin/allcategories 304 131.830 ms
2024-07-07T08:01:35.855Z GET /api/v1/admin/allcategories 304 108.007 ms
2024-07-07T08:01:35.951Z GET /api/v1/admin/allcategories 304 93.415 ms
2024-07-07T08:01:36.044Z GET /api/v1/admin/allcategories 304 89.505 ms
2024-07-07T08:01:36.120Z GET /api/v1/admin/allcategories 304 73.491 ms
2024-07-07T08:01:36.205Z GET /api/v1/admin/allcategories 304 81.684 ms
2024-07-07T08:01:36.306Z GET /api/v1/admin/allcategories 304 97.489 ms
2024-07-07T08:01:36.596Z GET /api/v1/admin/allcategories 304 283.119 ms
2024-07-07T08:01:36.688Z GET /api/v1/admin/allcategories 304 86.230 ms
2024-07-07T08:01:36.784Z GET /api/v1/admin/allcategories 304 89.828 ms
2024-07-07T08:01:36.893Z GET /api/v1/admin/allcategories 304 103.378 ms
2024-07-07T08:01:37.018Z GET /api/v1/admin/allcategories 304 120.633 ms
2024-07-07T08:01:37.121Z GET /api/v1/admin/allcategories 304 97.890 ms
2024-07-07T08:01:37.198Z GET /api/v1/admin/allcategories 304 72.778 ms
2024-07-07T08:01:37.294Z GET /api/v1/admin/allcategories 304 92.924 ms
2024-07-07T08:01:37.374Z GET /api/v1/admin/allcategories 304 77.730 ms
2024-07-07T08:01:37.474Z GET /api/v1/admin/allcategories 304 97.120 ms
2024-07-07T08:01:37.569Z GET /api/v1/admin/allcategories 304 90.815 ms
2024-07-07T08:01:37.658Z GET /api/v1/admin/allcategories 304 83.940 ms
2024-07-07T08:01:37.746Z GET /api/v1/admin/allcategories 304 83.989 ms
2024-07-07T08:01:37.847Z GET /api/v1/admin/allcategories 304 96.686 ms
2024-07-07T08:01:37.941Z GET /api/v1/admin/allcategories 304 89.797 ms
2024-07-07T08:01:38.019Z GET /api/v1/admin/allcategories 304 74.566 ms
2024-07-07T08:01:38.109Z GET /api/v1/admin/allcategories 304 86.034 ms
2024-07-07T08:01:38.200Z GET /api/v1/admin/allcategories 304 88.392 ms
2024-07-07T08:01:38.278Z GET /api/v1/admin/allcategories 304 75.343 ms
2024-07-07T08:01:38.381Z GET /api/v1/admin/allcategories 304 98.647 ms
2024-07-07T08:01:38.474Z GET /api/v1/admin/allcategories 304 90.843 ms
2024-07-07T08:01:38.568Z GET /api/v1/admin/allcategories 304 89.358 ms
2024-07-07T08:01:38.662Z GET /api/v1/admin/allcategories 304 91.439 ms
2024-07-07T08:01:38.757Z GET /api/v1/admin/allcategories 304 89.848 ms
2024-07-07T08:01:38.846Z GET /api/v1/admin/allcategories 304 85.676 ms
2024-07-07T08:01:38.937Z GET /api/v1/admin/allcategories 304 86.558 ms
2024-07-07T08:01:39.025Z GET /api/v1/admin/allcategories 304 84.706 ms
2024-07-07T08:01:39.119Z GET /api/v1/admin/allcategories 304 89.725 ms
2024-07-07T08:01:39.205Z GET /api/v1/admin/allcategories 304 80.487 ms
2024-07-07T08:01:39.316Z GET /api/v1/admin/allcategories 304 108.645 ms
2024-07-07T08:01:39.406Z GET /api/v1/admin/allcategories 304 86.795 ms
2024-07-07T08:01:39.495Z GET /api/v1/admin/allcategories 304 87.769 ms
2024-07-07T08:01:39.585Z GET /api/v1/admin/allcategories 304 87.783 ms
2024-07-07T08:01:39.677Z GET /api/v1/admin/allcategories 304 89.007 ms
2024-07-07T08:01:39.767Z GET /api/v1/admin/allcategories 304 87.821 ms
2024-07-07T08:01:39.846Z GET /api/v1/admin/allcategories 304 75.885 ms
2024-07-07T08:01:39.927Z GET /api/v1/admin/allcategories 304 76.887 ms
2024-07-07T08:01:40.008Z GET /api/v1/admin/allcategories 304 78.731 ms
2024-07-07T08:01:40.088Z GET /api/v1/admin/allcategories 304 78.084 ms
2024-07-07T08:01:40.167Z GET /api/v1/admin/allcategories 304 75.175 ms
2024-07-07T08:01:40.245Z GET /api/v1/admin/allcategories 304 74.286 ms
2024-07-07T08:01:40.326Z GET /api/v1/admin/allcategories 304 79.670 ms
2024-07-07T08:01:40.463Z GET /api/v1/admin/universalSearch?query= 200 210.084 ms
2024-07-07T08:01:40.605Z GET /api/v1/admin/universalSearch?query= 304 137.916 ms
2024-07-07T08:01:44.221Z GET /api/v1/teacher/lsitofteachersrequest 200 100.393 ms
2024-07-07T08:01:44.305Z GET /api/v1/teacher/lsitofteachersrequest 304 80.399 ms
2024-07-07T08:01:49.768Z OPTIONS /api/v1/teacher/acceptrequest/668a4b30696c62f20781bcb2 204 0.370 ms
2024-07-07T08:01:49.889Z PUT /api/v1/teacher/acceptrequest/668a4b30696c62f20781bcb2 200 118.741 ms
2024-07-07T08:02:29.481Z OPTIONS /api/v1/user/login 204 0.432 ms
2024-07-07T08:02:30.130Z POST /api/v1/user/login 200 646.553 ms
2024-07-07T08:02:30.660Z GET /api/v1/admin/custom 304 429.736 ms
2024-07-07T08:02:31.022Z GET /api/v1/admin/custom 304 357.860 ms
2024-07-07T08:02:35.889Z GET /api/v1/teacher/teacher/noofcourseandcoursewithcategory/668a4b30696c62f20781bcb2 200 239.370 ms
2024-07-07T08:02:35.898Z GET /api/v1/teacher/teacher/earnmoney/668a4b30696c62f20781bcb2 200 242.294 ms
2024-07-07T08:02:36.141Z GET /api/v1/teacher/teacher/numberofstudent/668a4b30696c62f20781bcb2 200 493.881 ms
2024-07-07T08:02:36.149Z GET /api/v1/teacher/teacher/noofcourseandcoursewithcategory/668a4b30696c62f20781bcb2 304 249.150 ms
2024-07-07T08:02:36.159Z GET /api/v1/teacher/teacher/earnmoney/668a4b30696c62f20781bcb2 304 249.093 ms
2024-07-07T08:02:36.362Z GET /api/v1/teacher/teacher/numberofstudent/668a4b30696c62f20781bcb2 304 209.646 ms
2024-07-07T08:07:02.193Z OPTIONS /api/course/createcourse 204 0.310 ms
2024-07-07T08:07:05.370Z POST /api/course/createcourse 200 3174.383 ms
2024-07-07T08:07:05.427Z OPTIONS /api/course/668a4ca9696c62f20781bdb2 204 2.829 ms
2024-07-07T08:07:05.432Z OPTIONS /api/course/668a4ca9696c62f20781bdb2 204 0.303 ms
2024-07-07T08:07:05.548Z GET /api/course/668a4ca9696c62f20781bdb2 200 113.047 ms
2024-07-07T08:07:05.644Z GET /api/course/668a4ca9696c62f20781bdb2 304 92.648 ms
2024-07-07T08:09:04.496Z OPTIONS /api/course/addsection 204 0.378 ms
2024-07-07T08:09:04.833Z POST /api/course/addsection 200 333.467 ms
2024-07-07T08:09:43.344Z OPTIONS /api/course/editsection 204 0.249 ms
2024-07-07T08:09:43.564Z POST /api/course/editsection 200 217.138 ms
2024-07-07T08:10:35.095Z GET /api/course/get-signature 200 1.137 ms
2024-07-07T08:10:45.018Z OPTIONS /api/course/addcontent 204 0.453 ms
2024-07-07T08:10:45.226Z POST /api/course/addcontent 200 205.512 ms
2024-07-07T08:10:55.937Z OPTIONS /api/course/addsection 204 0.458 ms
2024-07-07T08:10:56.198Z POST /api/course/addsection 200 259.153 ms
2024-07-07T08:11:08.767Z OPTIONS /api/course/editsection 204 0.359 ms
2024-07-07T08:11:08.972Z POST /api/course/editsection 200 202.574 ms
2024-07-07T08:11:28.021Z GET /api/course/get-signature 200 0.760 ms
2024-07-07T08:11:37.600Z OPTIONS /api/course/addcontent 204 0.451 ms
2024-07-07T08:11:37.801Z POST /api/course/addcontent 200 198.529 ms
2024-07-07T08:12:02.065Z OPTIONS /api/course/deletevideo 204 0.495 ms
2024-07-07T08:12:02.204Z POST /api/course/deletevideo 200 136.206 ms
2024-07-07T08:12:22.254Z OPTIONS /api/course/668a4ca9696c62f20781bdb2 204 1.237 ms
2024-07-07T08:12:22.258Z OPTIONS /api/course/668a4ca9696c62f20781bdb2 204 0.775 ms
2024-07-07T08:12:22.985Z GET /api/course/668a4ca9696c62f20781bdb2 200 707.552 ms
2024-07-07T08:12:23.251Z GET /api/course/668a4ca9696c62f20781bdb2 304 261.653 ms
2024-07-07T08:12:30.837Z OPTIONS /api/course/deletevideo 204 0.304 ms
2024-07-07T08:12:30.970Z POST /api/course/deletevideo 200 130.197 ms
2024-07-07T08:12:37.031Z OPTIONS /api/course/668a4ca9696c62f20781bdb2 204 1.415 ms
2024-07-07T08:12:37.040Z OPTIONS /api/course/668a4ca9696c62f20781bdb2 204 1.386 ms
2024-07-07T08:12:38.012Z GET /api/course/668a4ca9696c62f20781bdb2 200 952.738 ms
2024-07-07T08:12:38.268Z GET /api/course/668a4ca9696c62f20781bdb2 304 252.987 ms
2024-07-07T08:21:11.889Z GET /api/course/get-signature 200 1.793 ms
2024-07-07T08:21:39.540Z OPTIONS /api/course/addcontent 204 1.078 ms
2024-07-07T08:21:39.746Z POST /api/course/addcontent 200 204.464 ms
2024-07-07T08:25:54.331Z GET /api/course/get-signature 200 0.786 ms
2024-07-07T08:26:35.089Z OPTIONS /api/course/addcontent 204 0.261 ms
2024-07-07T08:26:35.283Z POST /api/course/addcontent 200 192.383 ms
2024-07-07T08:29:15.705Z OPTIONS /api/course/668a4ca9696c62f20781bdb2 204 0.289 ms
2024-07-07T08:29:15.710Z OPTIONS /api/course/668a4ca9696c62f20781bdb2 204 0.358 ms
2024-07-07T08:29:16.666Z GET /api/course/668a4ca9696c62f20781bdb2 200 926.692 ms
2024-07-07T08:29:16.924Z GET /api/course/668a4ca9696c62f20781bdb2 304 256.174 ms
2024-07-07T08:29:34.779Z GET /api/v1/admin/custom 200 2020.613 ms
2024-07-07T08:29:35.457Z GET /api/v1/admin/custom 304 676.658 ms
2024-07-07T08:29:50.922Z GET /api/v1/teacher/teacher/numberofstudent/668a4b30696c62f20781bcb2 304 575.944 ms
2024-07-07T08:29:52.156Z GET /api/v1/teacher/teacher/numberofstudent/668a4b30696c62f20781bcb2 304 1231.974 ms
2024-07-07T08:29:53.153Z GET /api/v1/teacher/teacher/earnmoney/668a4b30696c62f20781bcb2 304 2800.084 ms
2024-07-07T08:29:53.207Z GET /api/v1/teacher/teacher/noofcourseandcoursewithcategory/668a4b30696c62f20781bcb2 200 2856.710 ms
2024-07-07T08:29:53.258Z GET /api/v1/teacher/teacher/earnmoney/668a4b30696c62f20781bcb2 304 104.100 ms
2024-07-07T08:29:53.290Z GET /api/v1/teacher/teacher/numberofstudent/668a4b30696c62f20781bcb2 304 219.507 ms
2024-07-07T08:29:53.473Z GET /api/v1/teacher/teacher/earnmoney/668a4b30696c62f20781bcb2 304 212.537 ms
2024-07-07T08:29:53.554Z GET /api/v1/teacher/teacher/noofcourseandcoursewithcategory/668a4b30696c62f20781bcb2 304 345.419 ms
2024-07-07T08:29:54.064Z GET /api/v1/teacher/teacher/earnmoney/668a4b30696c62f20781bcb2 304 589.186 ms
2024-07-07T08:29:54.087Z GET /api/v1/teacher/teacher/numberofstudent/668a4b30696c62f20781bcb2 304 795.520 ms
2024-07-07T08:29:55.011Z GET /api/v1/teacher/teacher/noofcourseandcoursewithcategory/668a4b30696c62f20781bcb2 304 1455.510 ms
2024-07-07T08:29:56.364Z GET /api/v1/teacher/teacher/noofcourseandcoursewithcategory/668a4b30696c62f20781bcb2 304 1350.727 ms
2024-07-07T08:29:57.842Z GET /api/v1/user/dashboardteacherprofile/668a4b30696c62f20781bcb2 200 178.120 ms
2024-07-07T08:29:58.024Z GET /api/v1/user/dashboardteacherprofile/668a4b30696c62f20781bcb2 304 179.489 ms
2024-07-07T08:30:04.666Z GET /api/v1/teacher/teacher/studentlist/668a4b30696c62f20781bcb2 200 219.400 ms
2024-07-07T08:30:04.894Z GET /api/v1/teacher/teacher/studentlist/668a4b30696c62f20781bcb2 304 226.331 ms
2024-07-07T08:30:11.159Z GET /api/v1/user/teacher/668a4b30696c62f20781bcb2 200 207.278 ms
2024-07-07T08:30:11.468Z GET /api/v1/user/teacher/668a4b30696c62f20781bcb2 304 306.365 ms
2024-07-07T08:30:15.578Z GET /api/v1/teacher/teacher/studentlist/668a4b30696c62f20781bcb2 304 196.453 ms
2024-07-07T08:30:15.760Z GET /api/v1/teacher/teacher/studentlist/668a4b30696c62f20781bcb2 304 180.138 ms
2024-07-07T08:30:20.401Z GET /api/v1/teacher/teacher/studentlist/668a4b30696c62f20781bcb2 304 220.215 ms
2024-07-07T08:30:20.600Z GET /api/v1/teacher/teacher/studentlist/668a4b30696c62f20781bcb2 304 197.766 ms
2024-07-07T08:30:36.907Z GET /api/v1/admin/custom 304 587.294 ms
2024-07-07T08:30:37.342Z GET /api/v1/admin/custom 304 431.044 ms
2024-07-07T08:30:57.207Z OPTIONS /api/v1/user/login 204 0.190 ms
2024-07-07T08:30:57.975Z POST /api/v1/user/login 200 765.841 ms
2024-07-07T08:30:59.437Z GET /api/v1/admin/custom 304 1395.820 ms
2024-07-07T08:30:59.920Z GET /api/v1/admin/custom 304 476.317 ms
2024-07-07T08:31:03.616Z GET /api/v1/admin/custom 304 416.821 ms
2024-07-07T08:31:04.007Z GET /api/v1/admin/custom 304 388.478 ms
2024-07-07T08:31:08.466Z GET /api/v1/admin/custom 304 384.422 ms
2024-07-07T08:31:08.837Z GET /api/v1/admin/custom 304 369.340 ms
2024-07-07T08:31:17.344Z GET /api/v1/admin/custom 304 427.831 ms
2024-07-07T08:31:17.751Z GET /api/v1/admin/custom 304 403.936 ms
2024-07-07T08:31:25.759Z GET /api/v1/admin/allcourses 304 224.932 ms
2024-07-07T08:31:26.145Z GET /api/v1/admin/allcourses 304 384.094 ms
2024-07-07T08:31:26.993Z GET /api/v1/admin/allcategories 304 103.981 ms
2024-07-07T08:31:27.107Z GET /api/v1/admin/allcategories 304 110.002 ms
2024-07-07T08:31:27.212Z GET /api/v1/admin/allcategories 304 103.601 ms
2024-07-07T08:31:27.329Z GET /api/v1/admin/allcategories 304 112.531 ms
2024-07-07T08:31:27.436Z GET /api/v1/admin/allcategories 304 103.165 ms
2024-07-07T08:31:27.525Z GET /api/v1/admin/allcategories 304 84.860 ms
2024-07-07T08:31:27.619Z GET /api/v1/admin/allcategories 304 89.492 ms
2024-07-07T08:31:27.730Z GET /api/v1/admin/allcategories 304 107.838 ms
2024-07-07T08:31:27.826Z GET /api/v1/admin/allcategories 304 92.730 ms
2024-07-07T08:31:27.919Z GET /api/v1/admin/allcategories 304 88.475 ms
2024-07-07T08:31:28.045Z GET /api/v1/admin/allcategories 304 121.539 ms
2024-07-07T08:31:28.137Z GET /api/v1/admin/allcategories 304 89.192 ms
2024-07-07T08:31:28.224Z GET /api/v1/admin/allcategories 304 83.972 ms
2024-07-07T08:31:28.313Z GET /api/v1/admin/allcategories 304 86.932 ms
2024-07-07T08:31:28.401Z GET /api/v1/admin/allcategories 304 84.566 ms
2024-07-07T08:31:28.508Z GET /api/v1/admin/allcategories 304 103.398 ms
2024-07-07T08:31:28.604Z GET /api/v1/admin/allcategories 304 93.005 ms
2024-07-07T08:31:28.727Z GET /api/v1/admin/allcategories 304 119.802 ms
2024-07-07T08:31:28.821Z GET /api/v1/admin/allcategories 304 91.103 ms
2024-07-07T08:31:28.928Z GET /api/v1/admin/allcategories 304 104.966 ms
2024-07-07T08:31:29.037Z GET /api/v1/admin/allcategories 304 105.127 ms
2024-07-07T08:31:29.148Z GET /api/v1/admin/allcategories 304 106.409 ms
2024-07-07T08:31:29.240Z GET /api/v1/admin/allcategories 304 88.355 ms
2024-07-07T08:31:29.396Z GET /api/v1/admin/allcategories 304 154.203 ms
2024-07-07T08:31:29.566Z GET /api/v1/admin/universalSearch?query= 304 363.290 ms
2024-07-07T08:31:29.828Z GET /api/v1/admin/universalSearch?query= 304 259.568 ms
2024-07-07T08:31:34.102Z GET /api/v1/admin/query 201 111.815 ms
2024-07-07T08:31:34.210Z GET /api/v1/admin/query 201 103.841 ms
2024-07-07T08:31:46.488Z GET /api/v1/admin/getpurchases 200 305.388 ms
2024-07-07T08:31:46.804Z GET /api/v1/admin/getpurchases 200 305.407 ms
2024-07-07T08:32:00.847Z GET /api/v1/admin/allcourses 304 207.104 ms
2024-07-07T08:32:01.061Z GET /api/v1/admin/allcourses 304 210.678 ms
2024-07-07T08:32:01.784Z GET /api/v1/admin/allcategories 304 106.929 ms
2024-07-07T08:32:01.870Z GET /api/v1/admin/allcategories 304 82.238 ms
2024-07-07T08:32:01.948Z GET /api/v1/admin/allcategories 304 71.373 ms
2024-07-07T08:32:02.054Z GET /api/v1/admin/allcategories 304 103.242 ms
2024-07-07T08:32:02.138Z GET /api/v1/admin/allcategories 304 80.255 ms
2024-07-07T08:32:02.223Z GET /api/v1/admin/allcategories 304 82.453 ms
2024-07-07T08:32:02.354Z GET /api/v1/admin/allcategories 304 129.534 ms
2024-07-07T08:32:02.442Z GET /api/v1/admin/allcategories 304 82.956 ms
2024-07-07T08:32:02.545Z GET /api/v1/admin/allcategories 304 99.230 ms
2024-07-07T08:32:02.625Z GET /api/v1/admin/allcategories 304 77.335 ms
2024-07-07T08:32:02.720Z GET /api/v1/admin/allcategories 304 91.746 ms
2024-07-07T08:32:02.815Z GET /api/v1/admin/allcategories 304 91.395 ms
2024-07-07T08:32:02.916Z GET /api/v1/admin/allcategories 304 96.460 ms
2024-07-07T08:32:03.013Z GET /api/v1/admin/allcategories 304 93.245 ms
2024-07-07T08:32:03.147Z GET /api/v1/admin/universalSearch?query= 304 218.090 ms
2024-07-07T08:32:03.270Z GET /api/v1/admin/universalSearch?query= 304 119.799 ms
2024-07-07T08:32:05.413Z GET /api/v1/teacher/lsitofteachersrequest 200 96.711 ms
2024-07-07T08:32:05.544Z GET /api/v1/teacher/lsitofteachersrequest 304 127.096 ms
